2026-07-06 20:36:32,001 - INFO - Opened edge browser (headless mode)
2026-07-06 20:36:32,831 - INFO - Navigation successful
2026-07-06 20:36:33,210 - INFO - Navigation successful
2026-07-06 20:36:33,252 - INFO - Waiting for 3.0 seconds
2026-07-06 20:36:53,866 - ERROR - xGetText failed for locator 'css=#profile-chip-code': Message:
2026-07-06 20:36:54,281 - ERROR - Action failed: xUI.xGetText: xGetText failed for locator 'css=#profile-chip-code': Message: [Artifacts => screenshot: None_None_203653.png | page: None_None_203653.html | error: None_None_203653.txt]
2026-07-06 20:36:56,537 - INFO - Navigation successful
2026-07-06 20:36:56,557 - INFO - Waiting for 3.0 seconds
2026-07-06 20:37:17,109 - ERROR - xGetText failed for locator 'css=#profile-chip-code': Message:
2026-07-06 20:37:17,522 - ERROR - Action failed: xUI.xGetText: xGetText failed for locator 'css=#profile-chip-code': Message: [Artifacts => screenshot: None_None_203717.png | page: None_None_203717.html | error: None_None_203717.txt]
2026-07-06 20:37:18,728 - INFO - Navigation successful
2026-07-06 20:37:18,749 - INFO - Waiting for 3.0 seconds
2026-07-06 20:37:39,287 - ERROR - xGetText failed for locator 'css=#profile-chip-code': Message:
2026-07-06 20:37:39,691 - ERROR - Action failed: xUI.xGetText: xGetText failed for locator 'css=#profile-chip-code': Message: [Artifacts => screenshot: None_None_203739.png | page: None_None_203739.html | error: None_None_203739.txt]
2026-07-06 20:37:41,905 - INFO - Navigation successful
2026-07-06 20:37:41,966 - INFO - Waiting for 3.0 seconds
2026-07-06 20:38:02,485 - ERROR - xGetText failed for locator 'css=#profile-chip-code': Message:
2026-07-06 20:38:02,885 - ERROR - Action failed: xUI.xGetText: xGetText failed for locator 'css=#profile-chip-code': Message: [Artifacts => screenshot: None_None_203802.png | page: None_None_203802.html | error: None_None_203802.txt]
2026-07-06 20:38:05,110 - INFO - Navigation successful
2026-07-06 20:38:05,130 - INFO - Waiting for 3.0 seconds
2026-07-06 20:38:25,636 - ERROR - xGetText failed for locator 'css=#profile-chip-code': Message:
2026-07-06 20:38:26,018 - ERROR - Action failed: xUI.xGetText: xGetText failed for locator 'css=#profile-chip-code': Message: [Artifacts => screenshot: None_None_203825.png | page: None_None_203825.html | error: None_None_203825.txt]
2026-07-06 20:38:27,174 - INFO - Navigation successful
2026-07-06 20:38:27,192 - INFO - Waiting for 3.0 seconds
2026-07-06 20:38:47,710 - ERROR - xGetText failed for locator 'css=#profile-chip-code': Message:
2026-07-06 20:38:48,126 - ERROR - Action failed: xUI.xGetText: xGetText failed for locator 'css=#profile-chip-code': Message: [Artifacts => screenshot: None_None_203847.png | page: None_None_203847.html | error: None_None_203847.txt]
2026-07-06 20:38:50,360 - INFO - Navigation successful
2026-07-06 20:38:50,420 - INFO - Waiting for 3.0 seconds
2026-07-06 20:39:10,961 - ERROR - xGetText failed for locator 'css=#profile-chip-code': Message:
2026-07-06 20:39:11,341 - ERROR - Action failed: xUI.xGetText: xGetText failed for locator 'css=#profile-chip-code': Message: [Artifacts => screenshot: None_None_203911.png | page: None_None_203911.html | error: None_None_203911.txt]
2026-07-06 20:39:12,432 - INFO - Navigation successful
2026-07-06 20:39:12,452 - INFO - Waiting for 3.0 seconds
2026-07-06 20:39:32,989 - ERROR - xGetText failed for locator 'css=#profile-chip-code': Message:
2026-07-06 20:39:33,327 - ERROR - Action failed: xUI.xGetText: xGetText failed for locator 'css=#profile-chip-code': Message: [Artifacts => screenshot: None_None_203932.png | page: None_None_203932.html | error: None_None_203932.txt]
2026-07-06 20:39:35,553 - INFO - Navigation successful
2026-07-06 20:39:35,572 - INFO - Waiting for 3.0 seconds
2026-07-06 20:39:56,075 - ERROR - xGetText failed for locator 'css=#profile-chip-code': Message:
2026-07-06 20:39:56,433 - ERROR - Action failed: xUI.xGetText: xGetText failed for locator 'css=#profile-chip-code': Message: [Artifacts => screenshot: None_None_203956.png | page: None_None_203956.html | error: None_None_203956.txt]
2026-07-06 20:39:57,503 - INFO - Navigation successful
2026-07-06 20:39:57,568 - INFO - Waiting for 3.0 seconds
2026-07-06 20:40:18,103 - ERROR - xGetText failed for locator 'css=#profile-chip-code': Message:
2026-07-06 20:40:18,499 - ERROR - Action failed: xUI.xGetText: xGetText failed for locator 'css=#profile-chip-code': Message: [Artifacts => screenshot: None_None_204018.png | page: None_None_204018.html | error: None_None_204018.txt]
2026-07-06 20:40:20,635 - INFO - Navigation successful
2026-07-06 20:40:20,653 - INFO - Waiting for 3.0 seconds
2026-07-06 20:40:41,163 - ERROR - xGetText failed for locator 'css=#profile-chip-code': Message:
2026-07-06 20:40:41,584 - ERROR - Action failed: xUI.xGetText: xGetText failed for locator 'css=#profile-chip-code': Message: [Artifacts => screenshot: None_None_204041.png | page: None_None_204041.html | error: None_None_204041.txt]
2026-07-06 20:40:42,697 - INFO - Navigation successful
2026-07-06 20:40:42,717 - INFO - Waiting for 3.0 seconds
2026-07-06 20:41:03,230 - ERROR - xGetText failed for locator 'css=#profile-chip-code': Message:
2026-07-06 20:41:03,629 - ERROR - Action failed: xUI.xGetText: xGetText failed for locator 'css=#profile-chip-code': Message: [Artifacts => screenshot: None_None_204103.png | page: None_None_204103.html | error: None_None_204103.txt]
2026-07-06 20:41:05,830 - INFO - Navigation successful
2026-07-06 20:41:05,888 - INFO - Waiting for 3.0 seconds
2026-07-06 20:41:26,394 - ERROR - xGetText failed for locator 'css=#profile-chip-code': Message:
2026-07-06 20:41:26,763 - ERROR - Action failed: xUI.xGetText: xGetText failed for locator 'css=#profile-chip-code': Message: [Artifacts => screenshot: None_None_204126.png | page: None_None_204126.html | error: None_None_204126.txt]
2026-07-06 20:41:28,844 - INFO - Navigation successful
2026-07-06 20:41:28,903 - INFO - Waiting for 3.0 seconds
2026-07-06 20:41:49,387 - ERROR - xGetText failed for locator 'css=#profile-chip-code': Message:
2026-07-06 20:41:49,791 - ERROR - Action failed: xUI.xGetText: xGetText failed for locator 'css=#profile-chip-code': Message: [Artifacts => screenshot: None_None_204149.png | page: None_None_204149.html | error: None_None_204149.txt]
2026-07-06 20:41:50,870 - INFO - Navigation successful
2026-07-06 20:41:50,929 - INFO - Waiting for 3.0 seconds
2026-07-06 20:42:11,423 - ERROR - xGetText failed for locator 'css=#profile-chip-code': Message:
2026-07-06 20:42:11,827 - ERROR - Action failed: xUI.xGetText: xGetText failed for locator 'css=#profile-chip-code': Message: [Artifacts => screenshot: None_None_204211.png | page: None_None_204211.html | error: None_None_204211.txt]
2026-07-06 20:42:13,950 - INFO - Navigation successful
2026-07-06 20:42:14,011 - INFO - Waiting for 3.0 seconds
2026-07-06 20:42:34,558 - ERROR - xGetText failed for locator 'css=#profile-chip-code': Message:
2026-07-06 20:42:34,986 - ERROR - Action failed: xUI.xGetText: xGetText failed for locator 'css=#profile-chip-code': Message: [Artifacts => screenshot: None_None_204234.png | page: None_None_204234.html | error: None_None_204234.txt]
2026-07-06 20:42:36,129 - INFO - Navigation successful
2026-07-06 20:42:36,148 - INFO - Waiting for 3.0 seconds
2026-07-06 20:42:56,643 - ERROR - xGetText failed for locator 'css=#profile-chip-code': Message:
2026-07-06 20:42:57,040 - ERROR - Action failed: xUI.xGetText: xGetText failed for locator 'css=#profile-chip-code': Message: [Artifacts => screenshot: None_None_204256.png | page: None_None_204256.html | error: None_None_204256.txt]
2026-07-06 20:42:59,288 - INFO - Navigation successful
2026-07-06 20:42:59,350 - INFO - Waiting for 3.0 seconds
2026-07-06 20:43:19,832 - ERROR - xGetText failed for locator 'css=#profile-chip-code': Message:
2026-07-06 20:43:20,204 - ERROR - Action failed: xUI.xGetText: xGetText failed for locator 'css=#profile-chip-code': Message: [Artifacts => screenshot: None_None_204319.png | page: None_None_204319.html | error: None_None_204319.txt]
2026-07-06 20:43:21,267 - INFO - Navigation successful
2026-07-06 20:43:21,288 - INFO - Waiting for 3.0 seconds
2026-07-06 20:43:41,772 - ERROR - xGetText failed for locator 'css=#profile-chip-code': Message:
2026-07-06 20:43:42,129 - ERROR - Action failed: xUI.xGetText: xGetText failed for locator 'css=#profile-chip-code': Message: [Artifacts => screenshot: None_None_204341.png | page: None_None_204341.html | error: None_None_204341.txt]
2026-07-06 20:43:44,352 - INFO - Navigation successful
2026-07-06 20:43:44,371 - INFO - Waiting for 3.0 seconds
2026-07-06 20:44:04,862 - ERROR - xGetText failed for locator 'css=#profile-chip-code': Message:
2026-07-06 20:44:05,230 - ERROR - Action failed: xUI.xGetText: xGetText failed for locator 'css=#profile-chip-code': Message: [Artifacts => screenshot: None_None_204404.png | page: None_None_204404.html | error: None_None_204404.txt]
