2026-07-06 20:36:32,000 - INFO - Opened edge browser (headless mode)
2026-07-06 20:36:32,986 - INFO - Navigation successful
2026-07-06 20:36:33,297 - INFO - Navigation successful
2026-07-06 20:36:50,947 - ERROR - xGetText failed for locator 'css=#profile-chip-code': Message:
2026-07-06 20:36:51,360 - ERROR - Action failed: xUI.xGetText: xGetText failed for locator 'css=#profile-chip-code': Message: [Artifacts => screenshot: None_None_203650.png | page: None_None_203650.html | error: None_None_203650.txt]
2026-07-06 20:36:52,310 - INFO - Navigation successful
2026-07-06 20:36:52,331 - INFO - Waiting for 3.0 seconds
2026-07-06 20:37:12,884 - ERROR - xGetText failed for locator 'css=#profile-chip-code': Message:
2026-07-06 20:37:13,296 - ERROR - Action failed: xUI.xGetText: xGetText failed for locator 'css=#profile-chip-code': Message: [Artifacts => screenshot: None_None_203712.png | page: None_None_203712.html | error: None_None_203712.txt]
2026-07-06 20:37:13,998 - INFO - Navigation successful
2026-07-06 20:37:14,025 - INFO - Waiting for 3.0 seconds
2026-07-06 20:37:34,559 - ERROR - xGetText failed for locator 'css=#profile-chip-code': Message:
2026-07-06 20:37:34,956 - ERROR - Action failed: xUI.xGetText: xGetText failed for locator 'css=#profile-chip-code': Message: [Artifacts => screenshot: None_None_203734.png | page: None_None_203734.html | error: None_None_203734.txt]
2026-07-06 20:37:35,609 - INFO - Navigation successful
2026-07-06 20:37:35,628 - INFO - Waiting for 3.0 seconds
2026-07-06 20:37:56,130 - ERROR - xGetText failed for locator 'css=#profile-chip-code': Message:
2026-07-06 20:37:56,504 - ERROR - Action failed: xUI.xGetText: xGetText failed for locator 'css=#profile-chip-code': Message: [Artifacts => screenshot: None_None_203756.png | page: None_None_203756.html | error: None_None_203756.txt]
2026-07-06 20:37:57,209 - INFO - Navigation successful
2026-07-06 20:37:57,271 - INFO - Waiting for 3.0 seconds
2026-07-06 20:38:17,794 - ERROR - xGetText failed for locator 'css=#profile-chip-code': Message:
2026-07-06 20:38:18,194 - ERROR - Action failed: xUI.xGetText: xGetText failed for locator 'css=#profile-chip-code': Message: [Artifacts => screenshot: None_None_203817.png | page: None_None_203817.html | error: None_None_203817.txt]
2026-07-06 20:38:18,868 - INFO - Navigation successful
2026-07-06 20:38:18,930 - INFO - Waiting for 3.0 seconds
2026-07-06 20:38:39,445 - ERROR - xGetText failed for locator 'css=#profile-chip-code': Message:
2026-07-06 20:38:39,867 - ERROR - Action failed: xUI.xGetText: xGetText failed for locator 'css=#profile-chip-code': Message: [Artifacts => screenshot: None_None_203839.png | page: None_None_203839.html | error: None_None_203839.txt]
2026-07-06 20:38:40,578 - INFO - Navigation successful
2026-07-06 20:38:40,646 - INFO - Waiting for 3.0 seconds
2026-07-06 20:39:01,161 - ERROR - xGetText failed for locator 'css=#profile-chip-code': Message:
2026-07-06 20:39:01,503 - ERROR - Action failed: xUI.xGetText: xGetText failed for locator 'css=#profile-chip-code': Message: [Artifacts => screenshot: None_None_203901.png | page: None_None_203901.html | error: None_None_203901.txt]
2026-07-06 20:39:02,168 - INFO - Navigation successful
2026-07-06 20:39:02,189 - INFO - Waiting for 3.0 seconds
2026-07-06 20:39:22,715 - ERROR - xGetText failed for locator 'css=#profile-chip-code': Message:
2026-07-06 20:39:23,121 - ERROR - Action failed: xUI.xGetText: xGetText failed for locator 'css=#profile-chip-code': Message: [Artifacts => screenshot: None_None_203922.png | page: None_None_203922.html | error: None_None_203922.txt]
2026-07-06 20:39:23,800 - INFO - Navigation successful
2026-07-06 20:39:23,825 - INFO - Waiting for 3.0 seconds
2026-07-06 20:39:44,331 - ERROR - xGetText failed for locator 'css=#profile-chip-code': Message:
2026-07-06 20:39:44,734 - ERROR - Action failed: xUI.xGetText: xGetText failed for locator 'css=#profile-chip-code': Message: [Artifacts => screenshot: None_None_203944.png | page: None_None_203944.html | error: None_None_203944.txt]
2026-07-06 20:39:45,431 - INFO - Navigation successful
2026-07-06 20:39:45,493 - INFO - Waiting for 3.0 seconds
2026-07-06 20:40:06,063 - ERROR - xGetText failed for locator 'css=#profile-chip-code': Message:
2026-07-06 20:40:06,458 - ERROR - Action failed: xUI.xGetText: xGetText failed for locator 'css=#profile-chip-code': Message: [Artifacts => screenshot: None_None_204006.png | page: None_None_204006.html | error: None_None_204006.txt]
2026-07-06 20:40:07,085 - INFO - Navigation successful
2026-07-06 20:40:07,104 - INFO - Waiting for 3.0 seconds
2026-07-06 20:40:27,621 - ERROR - xGetText failed for locator 'css=#profile-chip-code': Message:
2026-07-06 20:40:28,060 - ERROR - Action failed: xUI.xGetText: xGetText failed for locator 'css=#profile-chip-code': Message: [Artifacts => screenshot: None_None_204027.png | page: None_None_204027.html | error: None_None_204027.txt]
2026-07-06 20:40:28,741 - INFO - Navigation successful
2026-07-06 20:40:28,761 - INFO - Waiting for 3.0 seconds
2026-07-06 20:40:49,274 - ERROR - xGetText failed for locator 'css=#profile-chip-code': Message:
2026-07-06 20:40:49,619 - ERROR - Action failed: xUI.xGetText: xGetText failed for locator 'css=#profile-chip-code': Message: [Artifacts => screenshot: None_None_204049.png | page: None_None_204049.html | error: None_None_204049.txt]
2026-07-06 20:40:51,043 - INFO - Navigation successful
2026-07-06 20:40:51,103 - INFO - Waiting for 3.0 seconds
2026-07-06 20:41:11,624 - ERROR - xGetText failed for locator 'css=#profile-chip-code': Message:
2026-07-06 20:41:12,017 - ERROR - Action failed: xUI.xGetText: xGetText failed for locator 'css=#profile-chip-code': Message: [Artifacts => screenshot: None_None_204111.png | page: None_None_204111.html | error: None_None_204111.txt]
2026-07-06 20:41:12,897 - INFO - Navigation successful
2026-07-06 20:41:12,915 - INFO - Waiting for 3.0 seconds
2026-07-06 20:41:33,482 - ERROR - xGetText failed for locator 'css=#profile-chip-code': Message:
2026-07-06 20:41:33,910 - ERROR - Action failed: xUI.xGetText: xGetText failed for locator 'css=#profile-chip-code': Message: [Artifacts => screenshot: None_None_204133.png | page: None_None_204133.html | error: None_None_204133.txt]
2026-07-06 20:41:35,687 - INFO - Navigation successful
2026-07-06 20:41:35,749 - INFO - Waiting for 3.0 seconds
2026-07-06 20:41:56,242 - ERROR - xGetText failed for locator 'css=#profile-chip-code': Message:
2026-07-06 20:41:56,643 - ERROR - Action failed: xUI.xGetText: xGetText failed for locator 'css=#profile-chip-code': Message: [Artifacts => screenshot: None_None_204156.png | page: None_None_204156.html | error: None_None_204156.txt]
2026-07-06 20:42:05,579 - INFO - Navigation successful
2026-07-06 20:42:05,595 - INFO - Waiting for 3.0 seconds
2026-07-06 20:42:26,125 - ERROR - xGetText failed for locator 'css=#profile-chip-code': Message:
2026-07-06 20:42:26,540 - ERROR - Action failed: xUI.xGetText: xGetText failed for locator 'css=#profile-chip-code': Message: [Artifacts => screenshot: None_None_204226.png | page: None_None_204226.html | error: None_None_204226.txt]
2026-07-06 20:42:27,698 - INFO - Navigation successful
2026-07-06 20:42:27,759 - INFO - Waiting for 3.0 seconds
2026-07-06 20:42:48,267 - ERROR - xGetText failed for locator 'css=#profile-chip-code': Message:
2026-07-06 20:42:48,661 - ERROR - Action failed: xUI.xGetText: xGetText failed for locator 'css=#profile-chip-code': Message: [Artifacts => screenshot: None_None_204248.png | page: None_None_204248.html | error: None_None_204248.txt]
2026-07-06 20:42:49,778 - INFO - Navigation successful
2026-07-06 20:42:49,798 - INFO - Waiting for 3.0 seconds
2026-07-06 20:43:10,304 - ERROR - xGetText failed for locator 'css=#profile-chip-code': Message:
2026-07-06 20:43:10,692 - ERROR - Action failed: xUI.xGetText: xGetText failed for locator 'css=#profile-chip-code': Message: [Artifacts => screenshot: None_None_204310.png | page: None_None_204310.html | error: None_None_204310.txt]
2026-07-06 20:43:11,803 - INFO - Navigation successful
2026-07-06 20:43:11,868 - INFO - Waiting for 3.0 seconds
2026-07-06 20:43:32,335 - ERROR - xGetText failed for locator 'css=#profile-chip-code': Message:
2026-07-06 20:43:32,707 - ERROR - Action failed: xUI.xGetText: xGetText failed for locator 'css=#profile-chip-code': Message: [Artifacts => screenshot: None_None_204332.png | page: None_None_204332.html | error: None_None_204332.txt]
2026-07-06 20:43:33,556 - INFO - Navigation successful
2026-07-06 20:43:33,578 - INFO - Waiting for 3.0 seconds
2026-07-06 20:43:54,072 - ERROR - xGetText failed for locator 'css=#profile-chip-code': Message:
2026-07-06 20:43:54,396 - ERROR - Action failed: xUI.xGetText: xGetText failed for locator 'css=#profile-chip-code': Message: [Artifacts => screenshot: None_None_204354.png | page: None_None_204354.html | error: None_None_204354.txt]
2026-07-06 20:43:55,569 - INFO - Navigation successful
2026-07-06 20:43:55,591 - INFO - Waiting for 3.0 seconds
2026-07-06 20:44:16,071 - ERROR - xGetText failed for locator 'css=#profile-chip-code': Message:
2026-07-06 20:44:16,451 - ERROR - Action failed: xUI.xGetText: xGetText failed for locator 'css=#profile-chip-code': Message: [Artifacts => screenshot: None_None_204416.png | page: None_None_204416.html | error: None_None_204416.txt]
2026-07-06 20:44:17,364 - INFO - Navigation successful
2026-07-06 20:44:17,384 - INFO - Waiting for 3.0 seconds
2026-07-06 20:44:37,864 - ERROR - xGetText failed for locator 'css=#profile-chip-code': Message:
2026-07-06 20:44:38,208 - ERROR - Action failed: xUI.xGetText: xGetText failed for locator 'css=#profile-chip-code': Message: [Artifacts => screenshot: None_None_204437.png | page: None_None_204437.html | error: None_None_204437.txt]
2026-07-06 20:44:39,298 - INFO - Navigation successful
2026-07-06 20:44:39,326 - INFO - Waiting for 3.0 seconds
2026-07-06 20:44:59,816 - ERROR - xGetText failed for locator 'css=#profile-chip-code': Message:
2026-07-06 20:45:00,241 - ERROR - Action failed: xUI.xGetText: xGetText failed for locator 'css=#profile-chip-code': Message: [Artifacts => screenshot: None_None_204459.png | page: None_None_204459.html | error: None_None_204459.txt]
2026-07-06 20:45:01,167 - INFO - Navigation successful
2026-07-06 20:45:01,227 - INFO - Waiting for 3.0 seconds
2026-07-06 20:45:21,743 - ERROR - xGetText failed for locator 'css=#profile-chip-code': Message:
2026-07-06 20:45:22,116 - ERROR - Action failed: xUI.xGetText: xGetText failed for locator 'css=#profile-chip-code': Message: [Artifacts => screenshot: None_None_204521.png | page: None_None_204521.html | error: None_None_204521.txt]
