
============================================================
  FoXYiZ Test Framework
============================================================
[i] Loading configuration...
[i] Headless mode enabled
[i] Using 1 threads for parallel execution

============================================================
  Processing Test Suite 1/1
============================================================
[i] Test Suite: qoa_web
[i] Output Directory: C:\006\FXYZ\KK\z\20260706_203628_qoa_web
[i] Loaded plan file: y1Plans.csv (55 plans)
[i] Loaded plan file: y1Plans_journey.csv (800 plans)
[i] Total plans loaded: 855 from 2 file(s)
[i] Tag filter: Running plans with tags: Nav
[i] Found 115 plans to execute
[~] Starting plan: PJ_P1_Nav_build_cli
[X]   [X] Journey shell ready - Error in xGetText: xGetText failed for locator 'css=#profile-chip-code': Message: [Artifacts => screenshot: None_None_203653.png | page: Non [Link to PReuse_J_P1_Shell_Client_D1_4.txt]
[!]   -> Critical step failed. Skipping remaining actions for plan PJ_P1_Nav_build_cli / design D1.
[OK] Plan PJ_P1_Nav_build_cli completed successfully (0/0 actions)
Progress: |------------------------------| 0.9% (1/115 plans)
[~] Starting plan: PJ_P1_Nav_run_cli
[X]   [X] Journey shell ready - Error in xGetText: xGetText failed for locator 'css=#profile-chip-code': Message: [Artifacts => screenshot: None_None_203653.png | page: Non [Link to PReuse_J_P1_Shell_Client_D1_4.txt]
[!]   -> Critical step failed. Skipping remaining actions for plan PJ_P1_Nav_run_cli / design D1.
[OK] Plan PJ_P1_Nav_run_cli completed successfully (0/0 actions)
Progress: |------------------------------| 1.7% (2/115 plans)
[~] Starting plan: PJ_P1_Nav_analyze_cli
[X]   [X] Journey shell ready - Error in xGetText: xGetText failed for locator 'css=#profile-chip-code': Message: [Artifacts => screenshot: None_None_203653.png | page: Non [Link to PReuse_J_P1_Shell_Client_D1_4.txt]
[!]   -> Critical step failed. Skipping remaining actions for plan PJ_P1_Nav_analyze_cli / design D1.
[OK] Plan PJ_P1_Nav_analyze_cli completed successfully (0/0 actions)
Progress: |------------------------------| 2.6% (3/115 plans)
[~] Starting plan: PJ_P1_Nav_heal_cli
[X]   [X] Journey shell ready - Error in xGetText: xGetText failed for locator 'css=#profile-chip-code': Message: [Artifacts => screenshot: None_None_203653.png | page: Non [Link to PReuse_J_P1_Shell_Client_D1_4.txt]
[!]   -> Critical step failed. Skipping remaining actions for plan PJ_P1_Nav_heal_cli / design D1.
[OK] Plan PJ_P1_Nav_heal_cli completed successfully (0/0 actions)
Progress: |#-----------------------------| 3.5% (4/115 plans)
[~] Starting plan: PJ_P1_Nav_loop_cli
[X]   [X] Journey shell ready - Error in xGetText: xGetText failed for locator 'css=#profile-chip-code': Message: [Artifacts => screenshot: None_None_203653.png | page: Non [Link to PReuse_J_P1_Shell_Client_D1_4.txt]
[!]   -> Critical step failed. Skipping remaining actions for plan PJ_P1_Nav_loop_cli / design D1.
[OK] Plan PJ_P1_Nav_loop_cli completed successfully (0/0 actions)
Progress: |#-----------------------------| 4.3% (5/115 plans)
[~] Starting plan: PJ_P1_Nav_brahl_cli
[X]   [X] Journey shell ready - Error in xGetText: xGetText failed for locator 'css=#profile-chip-code': Message: [Artifacts => screenshot: None_None_203653.png | page: Non [Link to PReuse_J_P1_Shell_Client_D1_4.txt]
[!]   -> Critical step failed. Skipping remaining actions for plan PJ_P1_Nav_brahl_cli / design D1.
[OK] Plan PJ_P1_Nav_brahl_cli completed successfully (0/0 actions)
Progress: |#-----------------------------| 5.2% (6/115 plans)
[~] Starting plan: PJ_P1_Nav_atomic77_cli
[X]   [X] Journey shell ready - Error in xGetText: xGetText failed for locator 'css=#profile-chip-code': Message: [Artifacts => screenshot: None_None_203653.png | page: Non [Link to PReuse_J_P1_Shell_Client_D1_4.txt]
[!]   -> Critical step failed. Skipping remaining actions for plan PJ_P1_Nav_atomic77_cli / design D1.
[OK] Plan PJ_P1_Nav_atomic77_cli completed successfully (0/0 actions)
Progress: |#-----------------------------| 6.1% (7/115 plans)
[~] Starting plan: PJ_P1_Nav_cost_cli
[X]   [X] Journey shell ready - Error in xGetText: xGetText failed for locator 'css=#profile-chip-code': Message: [Artifacts => screenshot: None_None_203653.png | page: Non [Link to PReuse_J_P1_Shell_Client_D1_4.txt]
[!]   -> Critical step failed. Skipping remaining actions for plan PJ_P1_Nav_cost_cli / design D1.
[OK] Plan PJ_P1_Nav_cost_cli completed successfully (0/0 actions)
Progress: |##----------------------------| 7.0% (8/115 plans)
[~] Starting plan: PJ_P1_Nav_atomic77_net
[X]   [X] Journey shell ready - Error in xGetText: xGetText failed for locator 'css=#profile-chip-code': Message: [Artifacts => screenshot: None_None_203717.png | page: Non [Link to PReuse_J_P1_Shell_Networker_D1_4.txt]
[!]   -> Critical step failed. Skipping remaining actions for plan PJ_P1_Nav_atomic77_net / design D1.
[OK] Plan PJ_P1_Nav_atomic77_net completed successfully (0/0 actions)
Progress: |##----------------------------| 7.8% (9/115 plans)
[~] Starting plan: PJ_P1_Nav_cost_net
[X]   [X] Journey shell ready - Error in xGetText: xGetText failed for locator 'css=#profile-chip-code': Message: [Artifacts => screenshot: None_None_203717.png | page: Non [Link to PReuse_J_P1_Shell_Networker_D1_4.txt]
[!]   -> Critical step failed. Skipping remaining actions for plan PJ_P1_Nav_cost_net / design D1.
[OK] Plan PJ_P1_Nav_cost_net completed successfully (0/0 actions)
Progress: |##----------------------------| 8.7% (10/115 plans)
[~] Starting plan: PJ_P1_Nav_promote_net
[X]   [X] Journey shell ready - Error in xGetText: xGetText failed for locator 'css=#profile-chip-code': Message: [Artifacts => screenshot: None_None_203717.png | page: Non [Link to PReuse_J_P1_Shell_Networker_D1_4.txt]
[!]   -> Critical step failed. Skipping remaining actions for plan PJ_P1_Nav_promote_net / design D1.
[OK] Plan PJ_P1_Nav_promote_net completed successfully (0/0 actions)
Progress: |##----------------------------| 9.6% (11/115 plans)
[~] Starting plan: PJ_P2_Nav_build_cli
[X]   [X] Journey shell ready - Error in xGetText: xGetText failed for locator 'css=#profile-chip-code': Message: [Artifacts => screenshot: None_None_203739.png | page: Non [Link to PReuse_J_P2_Shell_Client_D2_4.txt]
[!]   -> Critical step failed. Skipping remaining actions for plan PJ_P2_Nav_build_cli / design D2.
[OK] Plan PJ_P2_Nav_build_cli completed successfully (0/0 actions)
Progress: |###---------------------------| 10.4% (12/115 plans)
[~] Starting plan: PJ_P2_Nav_run_cli
[X]   [X] Journey shell ready - Error in xGetText: xGetText failed for locator 'css=#profile-chip-code': Message: [Artifacts => screenshot: None_None_203739.png | page: Non [Link to PReuse_J_P2_Shell_Client_D2_4.txt]
[!]   -> Critical step failed. Skipping remaining actions for plan PJ_P2_Nav_run_cli / design D2.
[OK] Plan PJ_P2_Nav_run_cli completed successfully (0/0 actions)
Progress: |###---------------------------| 11.3% (13/115 plans)
[~] Starting plan: PJ_P2_Nav_analyze_cli
[X]   [X] Journey shell ready - Error in xGetText: xGetText failed for locator 'css=#profile-chip-code': Message: [Artifacts => screenshot: None_None_203739.png | page: Non [Link to PReuse_J_P2_Shell_Client_D2_4.txt]
[!]   -> Critical step failed. Skipping remaining actions for plan PJ_P2_Nav_analyze_cli / design D2.
[OK] Plan PJ_P2_Nav_analyze_cli completed successfully (0/0 actions)
Progress: |###---------------------------| 12.2% (14/115 plans)
[~] Starting plan: PJ_P2_Nav_heal_cli
[X]   [X] Journey shell ready - Error in xGetText: xGetText failed for locator 'css=#profile-chip-code': Message: [Artifacts => screenshot: None_None_203739.png | page: Non [Link to PReuse_J_P2_Shell_Client_D2_4.txt]
[!]   -> Critical step failed. Skipping remaining actions for plan PJ_P2_Nav_heal_cli / design D2.
[OK] Plan PJ_P2_Nav_heal_cli completed successfully (0/0 actions)
Progress: |###---------------------------| 13.0% (15/115 plans)
[~] Starting plan: PJ_P2_Nav_loop_cli
[X]   [X] Journey shell ready - Error in xGetText: xGetText failed for locator 'css=#profile-chip-code': Message: [Artifacts => screenshot: None_None_203739.png | page: Non [Link to PReuse_J_P2_Shell_Client_D2_4.txt]
[!]   -> Critical step failed. Skipping remaining actions for plan PJ_P2_Nav_loop_cli / design D2.
[OK] Plan PJ_P2_Nav_loop_cli completed successfully (0/0 actions)
Progress: |####--------------------------| 13.9% (16/115 plans)
[~] Starting plan: PJ_P2_Nav_brahl_cli
[X]   [X] Journey shell ready - Error in xGetText: xGetText failed for locator 'css=#profile-chip-code': Message: [Artifacts => screenshot: None_None_203739.png | page: Non [Link to PReuse_J_P2_Shell_Client_D2_4.txt]
[!]   -> Critical step failed. Skipping remaining actions for plan PJ_P2_Nav_brahl_cli / design D2.
[OK] Plan PJ_P2_Nav_brahl_cli completed successfully (0/0 actions)
Progress: |####--------------------------| 14.8% (17/115 plans)
[~] Starting plan: PJ_P2_Nav_atomic77_cli
[X]   [X] Journey shell ready - Error in xGetText: xGetText failed for locator 'css=#profile-chip-code': Message: [Artifacts => screenshot: None_None_203739.png | page: Non [Link to PReuse_J_P2_Shell_Client_D2_4.txt]
[!]   -> Critical step failed. Skipping remaining actions for plan PJ_P2_Nav_atomic77_cli / design D2.
[OK] Plan PJ_P2_Nav_atomic77_cli completed successfully (0/0 actions)
Progress: |####--------------------------| 15.7% (18/115 plans)
[~] Starting plan: PJ_P2_Nav_cost_cli
[X]   [X] Journey shell ready - Error in xGetText: xGetText failed for locator 'css=#profile-chip-code': Message: [Artifacts => screenshot: None_None_203739.png | page: Non [Link to PReuse_J_P2_Shell_Client_D2_4.txt]
[!]   -> Critical step failed. Skipping remaining actions for plan PJ_P2_Nav_cost_cli / design D2.
[OK] Plan PJ_P2_Nav_cost_cli completed successfully (0/0 actions)
Progress: |####--------------------------| 16.5% (19/115 plans)
[~] Starting plan: PJ_P2_Nav_build_con
[X]   [X] Journey shell ready - Error in xGetText: xGetText failed for locator 'css=#profile-chip-code': Message: [Artifacts => screenshot: None_None_203802.png | page: Non [Link to PReuse_J_P2_Shell_Consultant_D2_4.txt]
[!]   -> Critical step failed. Skipping remaining actions for plan PJ_P2_Nav_build_con / design D2.
[OK] Plan PJ_P2_Nav_build_con completed successfully (0/0 actions)
Progress: |#####-------------------------| 17.4% (20/115 plans)
[~] Starting plan: PJ_P2_Nav_run_con
[X]   [X] Journey shell ready - Error in xGetText: xGetText failed for locator 'css=#profile-chip-code': Message: [Artifacts => screenshot: None_None_203802.png | page: Non [Link to PReuse_J_P2_Shell_Consultant_D2_4.txt]
[!]   -> Critical step failed. Skipping remaining actions for plan PJ_P2_Nav_run_con / design D2.
[OK] Plan PJ_P2_Nav_run_con completed successfully (0/0 actions)
Progress: |#####-------------------------| 18.3% (21/115 plans)
[~] Starting plan: PJ_P2_Nav_analyze_con
[X]   [X] Journey shell ready - Error in xGetText: xGetText failed for locator 'css=#profile-chip-code': Message: [Artifacts => screenshot: None_None_203802.png | page: Non [Link to PReuse_J_P2_Shell_Consultant_D2_4.txt]
[!]   -> Critical step failed. Skipping remaining actions for plan PJ_P2_Nav_analyze_con / design D2.
[OK] Plan PJ_P2_Nav_analyze_con completed successfully (0/0 actions)
Progress: |#####-------------------------| 19.1% (22/115 plans)
[~] Starting plan: PJ_P2_Nav_heal_con
[X]   [X] Journey shell ready - Error in xGetText: xGetText failed for locator 'css=#profile-chip-code': Message: [Artifacts => screenshot: None_None_203802.png | page: Non [Link to PReuse_J_P2_Shell_Consultant_D2_4.txt]
[!]   -> Critical step failed. Skipping remaining actions for plan PJ_P2_Nav_heal_con / design D2.
[OK] Plan PJ_P2_Nav_heal_con completed successfully (0/0 actions)
Progress: |######------------------------| 20.0% (23/115 plans)
[~] Starting plan: PJ_P2_Nav_loop_con
[X]   [X] Journey shell ready - Error in xGetText: xGetText failed for locator 'css=#profile-chip-code': Message: [Artifacts => screenshot: None_None_203802.png | page: Non [Link to PReuse_J_P2_Shell_Consultant_D2_4.txt]
[!]   -> Critical step failed. Skipping remaining actions for plan PJ_P2_Nav_loop_con / design D2.
[OK] Plan PJ_P2_Nav_loop_con completed successfully (0/0 actions)
Progress: |######------------------------| 20.9% (24/115 plans)
[~] Starting plan: PJ_P2_Nav_brahl_con
[X]   [X] Journey shell ready - Error in xGetText: xGetText failed for locator 'css=#profile-chip-code': Message: [Artifacts => screenshot: None_None_203802.png | page: Non [Link to PReuse_J_P2_Shell_Consultant_D2_4.txt]
[!]   -> Critical step failed. Skipping remaining actions for plan PJ_P2_Nav_brahl_con / design D2.
[OK] Plan PJ_P2_Nav_brahl_con completed successfully (0/0 actions)
Progress: |######------------------------| 21.7% (25/115 plans)
[~] Starting plan: PJ_P2_Nav_atomic77_con
[X]   [X] Journey shell ready - Error in xGetText: xGetText failed for locator 'css=#profile-chip-code': Message: [Artifacts => screenshot: None_None_203802.png | page: Non [Link to PReuse_J_P2_Shell_Consultant_D2_4.txt]
[!]   -> Critical step failed. Skipping remaining actions for plan PJ_P2_Nav_atomic77_con / design D2.
[OK] Plan PJ_P2_Nav_atomic77_con completed successfully (0/0 actions)
Progress: |######------------------------| 22.6% (26/115 plans)
[~] Starting plan: PJ_P2_Nav_cost_con
[X]   [X] Journey shell ready - Error in xGetText: xGetText failed for locator 'css=#profile-chip-code': Message: [Artifacts => screenshot: None_None_203802.png | page: Non [Link to PReuse_J_P2_Shell_Consultant_D2_4.txt]
[!]   -> Critical step failed. Skipping remaining actions for plan PJ_P2_Nav_cost_con / design D2.
[OK] Plan PJ_P2_Nav_cost_con completed successfully (0/0 actions)
Progress: |#######-----------------------| 23.5% (27/115 plans)
[~] Starting plan: PJ_P2_Nav_atomic77_net
[X]   [X] Journey shell ready - Error in xGetText: xGetText failed for locator 'css=#profile-chip-code': Message: [Artifacts => screenshot: None_None_203825.png | page: Non [Link to PReuse_J_P2_Shell_Networker_D2_4.txt]
[!]   -> Critical step failed. Skipping remaining actions for plan PJ_P2_Nav_atomic77_net / design D2.
[OK] Plan PJ_P2_Nav_atomic77_net completed successfully (0/0 actions)
Progress: |#######-----------------------| 24.3% (28/115 plans)
[~] Starting plan: PJ_P2_Nav_cost_net
[X]   [X] Journey shell ready - Error in xGetText: xGetText failed for locator 'css=#profile-chip-code': Message: [Artifacts => screenshot: None_None_203825.png | page: Non [Link to PReuse_J_P2_Shell_Networker_D2_4.txt]
[!]   -> Critical step failed. Skipping remaining actions for plan PJ_P2_Nav_cost_net / design D2.
[OK] Plan PJ_P2_Nav_cost_net completed successfully (0/0 actions)
Progress: |#######-----------------------| 25.2% (29/115 plans)
[~] Starting plan: PJ_P2_Nav_promote_net
[X]   [X] Journey shell ready - Error in xGetText: xGetText failed for locator 'css=#profile-chip-code': Message: [Artifacts => screenshot: None_None_203825.png | page: Non [Link to PReuse_J_P2_Shell_Networker_D2_4.txt]
[!]   -> Critical step failed. Skipping remaining actions for plan PJ_P2_Nav_promote_net / design D2.
[OK] Plan PJ_P2_Nav_promote_net completed successfully (0/0 actions)
Progress: |#######-----------------------| 26.1% (30/115 plans)
[~] Starting plan: PJ_P3_Nav_build_con
[X]   [X] Journey shell ready - Error in xGetText: xGetText failed for locator 'css=#profile-chip-code': Message: [Artifacts => screenshot: None_None_203847.png | page: Non [Link to PReuse_J_P3_Shell_Consultant_D3_4.txt]
[!]   -> Critical step failed. Skipping remaining actions for plan PJ_P3_Nav_build_con / design D3.
[OK] Plan PJ_P3_Nav_build_con completed successfully (0/0 actions)
Progress: |########----------------------| 27.0% (31/115 plans)
[~] Starting plan: PJ_P3_Nav_run_con
[X]   [X] Journey shell ready - Error in xGetText: xGetText failed for locator 'css=#profile-chip-code': Message: [Artifacts => screenshot: None_None_203847.png | page: Non [Link to PReuse_J_P3_Shell_Consultant_D3_4.txt]
[!]   -> Critical step failed. Skipping remaining actions for plan PJ_P3_Nav_run_con / design D3.
[OK] Plan PJ_P3_Nav_run_con completed successfully (0/0 actions)
Progress: |########----------------------| 27.8% (32/115 plans)
[~] Starting plan: PJ_P3_Nav_analyze_con
[X]   [X] Journey shell ready - Error in xGetText: xGetText failed for locator 'css=#profile-chip-code': Message: [Artifacts => screenshot: None_None_203847.png | page: Non [Link to PReuse_J_P3_Shell_Consultant_D3_4.txt]
[!]   -> Critical step failed. Skipping remaining actions for plan PJ_P3_Nav_analyze_con / design D3.
[OK] Plan PJ_P3_Nav_analyze_con completed successfully (0/0 actions)
Progress: |########----------------------| 28.7% (33/115 plans)
[~] Starting plan: PJ_P3_Nav_heal_con
[X]   [X] Journey shell ready - Error in xGetText: xGetText failed for locator 'css=#profile-chip-code': Message: [Artifacts => screenshot: None_None_203847.png | page: Non [Link to PReuse_J_P3_Shell_Consultant_D3_4.txt]
[!]   -> Critical step failed. Skipping remaining actions for plan PJ_P3_Nav_heal_con / design D3.
[OK] Plan PJ_P3_Nav_heal_con completed successfully (0/0 actions)
Progress: |########----------------------| 29.6% (34/115 plans)
[~] Starting plan: PJ_P3_Nav_loop_con
[X]   [X] Journey shell ready - Error in xGetText: xGetText failed for locator 'css=#profile-chip-code': Message: [Artifacts => screenshot: None_None_203847.png | page: Non [Link to PReuse_J_P3_Shell_Consultant_D3_4.txt]
[!]   -> Critical step failed. Skipping remaining actions for plan PJ_P3_Nav_loop_con / design D3.
[OK] Plan PJ_P3_Nav_loop_con completed successfully (0/0 actions)
Progress: |#########---------------------| 30.4% (35/115 plans)
[~] Starting plan: PJ_P3_Nav_brahl_con
[X]   [X] Journey shell ready - Error in xGetText: xGetText failed for locator 'css=#profile-chip-code': Message: [Artifacts => screenshot: None_None_203847.png | page: Non [Link to PReuse_J_P3_Shell_Consultant_D3_4.txt]
[!]   -> Critical step failed. Skipping remaining actions for plan PJ_P3_Nav_brahl_con / design D3.
[OK] Plan PJ_P3_Nav_brahl_con completed successfully (0/0 actions)
Progress: |#########---------------------| 31.3% (36/115 plans)
[~] Starting plan: PJ_P3_Nav_atomic77_con
[X]   [X] Journey shell ready - Error in xGetText: xGetText failed for locator 'css=#profile-chip-code': Message: [Artifacts => screenshot: None_None_203847.png | page: Non [Link to PReuse_J_P3_Shell_Consultant_D3_4.txt]
[!]   -> Critical step failed. Skipping remaining actions for plan PJ_P3_Nav_atomic77_con / design D3.
[OK] Plan PJ_P3_Nav_atomic77_con completed successfully (0/0 actions)
Progress: |#########---------------------| 32.2% (37/115 plans)
[~] Starting plan: PJ_P3_Nav_cost_con
[X]   [X] Journey shell ready - Error in xGetText: xGetText failed for locator 'css=#profile-chip-code': Message: [Artifacts => screenshot: None_None_203847.png | page: Non [Link to PReuse_J_P3_Shell_Consultant_D3_4.txt]
[!]   -> Critical step failed. Skipping remaining actions for plan PJ_P3_Nav_cost_con / design D3.
[OK] Plan PJ_P3_Nav_cost_con completed successfully (0/0 actions)
Progress: |#########---------------------| 33.0% (38/115 plans)
[~] Starting plan: PJ_P3_Nav_atomic77_net
[X]   [X] Journey shell ready - Error in xGetText: xGetText failed for locator 'css=#profile-chip-code': Message: [Artifacts => screenshot: None_None_203911.png | page: Non [Link to PReuse_J_P3_Shell_Networker_D3_4.txt]
[!]   -> Critical step failed. Skipping remaining actions for plan PJ_P3_Nav_atomic77_net / design D3.
[OK] Plan PJ_P3_Nav_atomic77_net completed successfully (0/0 actions)
Progress: |##########--------------------| 33.9% (39/115 plans)
[~] Starting plan: PJ_P3_Nav_cost_net
[X]   [X] Journey shell ready - Error in xGetText: xGetText failed for locator 'css=#profile-chip-code': Message: [Artifacts => screenshot: None_None_203911.png | page: Non [Link to PReuse_J_P3_Shell_Networker_D3_4.txt]
[!]   -> Critical step failed. Skipping remaining actions for plan PJ_P3_Nav_cost_net / design D3.
[OK] Plan PJ_P3_Nav_cost_net completed successfully (0/0 actions)
Progress: |##########--------------------| 34.8% (40/115 plans)
[~] Starting plan: PJ_P3_Nav_promote_net
[X]   [X] Journey shell ready - Error in xGetText: xGetText failed for locator 'css=#profile-chip-code': Message: [Artifacts => screenshot: None_None_203911.png | page: Non [Link to PReuse_J_P3_Shell_Networker_D3_4.txt]
[!]   -> Critical step failed. Skipping remaining actions for plan PJ_P3_Nav_promote_net / design D3.
[OK] Plan PJ_P3_Nav_promote_net completed successfully (0/0 actions)
Progress: |##########--------------------| 35.7% (41/115 plans)
[~] Starting plan: PJ_P4_Nav_build_con
[X]   [X] Journey shell ready - Error in xGetText: xGetText failed for locator 'css=#profile-chip-code': Message: [Artifacts => screenshot: None_None_203932.png | page: Non [Link to PReuse_J_P4_Shell_Consultant_D4_4.txt]
[!]   -> Critical step failed. Skipping remaining actions for plan PJ_P4_Nav_build_con / design D4.
[OK] Plan PJ_P4_Nav_build_con completed successfully (0/0 actions)
Progress: |##########--------------------| 36.5% (42/115 plans)
[~] Starting plan: PJ_P4_Nav_run_con
[X]   [X] Journey shell ready - Error in xGetText: xGetText failed for locator 'css=#profile-chip-code': Message: [Artifacts => screenshot: None_None_203932.png | page: Non [Link to PReuse_J_P4_Shell_Consultant_D4_4.txt]
[!]   -> Critical step failed. Skipping remaining actions for plan PJ_P4_Nav_run_con / design D4.
[OK] Plan PJ_P4_Nav_run_con completed successfully (0/0 actions)
Progress: |###########-------------------| 37.4% (43/115 plans)
[~] Starting plan: PJ_P4_Nav_analyze_con
[X]   [X] Journey shell ready - Error in xGetText: xGetText failed for locator 'css=#profile-chip-code': Message: [Artifacts => screenshot: None_None_203932.png | page: Non [Link to PReuse_J_P4_Shell_Consultant_D4_4.txt]
[!]   -> Critical step failed. Skipping remaining actions for plan PJ_P4_Nav_analyze_con / design D4.
[OK] Plan PJ_P4_Nav_analyze_con completed successfully (0/0 actions)
Progress: |###########-------------------| 38.3% (44/115 plans)
[~] Starting plan: PJ_P4_Nav_heal_con
[X]   [X] Journey shell ready - Error in xGetText: xGetText failed for locator 'css=#profile-chip-code': Message: [Artifacts => screenshot: None_None_203932.png | page: Non [Link to PReuse_J_P4_Shell_Consultant_D4_4.txt]
[!]   -> Critical step failed. Skipping remaining actions for plan PJ_P4_Nav_heal_con / design D4.
[OK] Plan PJ_P4_Nav_heal_con completed successfully (0/0 actions)
Progress: |###########-------------------| 39.1% (45/115 plans)
[~] Starting plan: PJ_P4_Nav_loop_con
[X]   [X] Journey shell ready - Error in xGetText: xGetText failed for locator 'css=#profile-chip-code': Message: [Artifacts => screenshot: None_None_203932.png | page: Non [Link to PReuse_J_P4_Shell_Consultant_D4_4.txt]
[!]   -> Critical step failed. Skipping remaining actions for plan PJ_P4_Nav_loop_con / design D4.
[OK] Plan PJ_P4_Nav_loop_con completed successfully (0/0 actions)
Progress: |############------------------| 40.0% (46/115 plans)
[~] Starting plan: PJ_P4_Nav_brahl_con
[X]   [X] Journey shell ready - Error in xGetText: xGetText failed for locator 'css=#profile-chip-code': Message: [Artifacts => screenshot: None_None_203932.png | page: Non [Link to PReuse_J_P4_Shell_Consultant_D4_4.txt]
[!]   -> Critical step failed. Skipping remaining actions for plan PJ_P4_Nav_brahl_con / design D4.
[OK] Plan PJ_P4_Nav_brahl_con completed successfully (0/0 actions)
Progress: |############------------------| 40.9% (47/115 plans)
[~] Starting plan: PJ_P4_Nav_atomic77_con
[X]   [X] Journey shell ready - Error in xGetText: xGetText failed for locator 'css=#profile-chip-code': Message: [Artifacts => screenshot: None_None_203932.png | page: Non [Link to PReuse_J_P4_Shell_Consultant_D4_4.txt]
[!]   -> Critical step failed. Skipping remaining actions for plan PJ_P4_Nav_atomic77_con / design D4.
[OK] Plan PJ_P4_Nav_atomic77_con completed successfully (0/0 actions)
Progress: |############------------------| 41.7% (48/115 plans)
[~] Starting plan: PJ_P4_Nav_cost_con
[X]   [X] Journey shell ready - Error in xGetText: xGetText failed for locator 'css=#profile-chip-code': Message: [Artifacts => screenshot: None_None_203932.png | page: Non [Link to PReuse_J_P4_Shell_Consultant_D4_4.txt]
[!]   -> Critical step failed. Skipping remaining actions for plan PJ_P4_Nav_cost_con / design D4.
[OK] Plan PJ_P4_Nav_cost_con completed successfully (0/0 actions)
Progress: |############------------------| 42.6% (49/115 plans)
[~] Starting plan: PJ_P4_Nav_atomic77_net
[X]   [X] Journey shell ready - Error in xGetText: xGetText failed for locator 'css=#profile-chip-code': Message: [Artifacts => screenshot: None_None_203956.png | page: Non [Link to PReuse_J_P4_Shell_Networker_D4_4.txt]
[!]   -> Critical step failed. Skipping remaining actions for plan PJ_P4_Nav_atomic77_net / design D4.
[OK] Plan PJ_P4_Nav_atomic77_net completed successfully (0/0 actions)
Progress: |#############-----------------| 43.5% (50/115 plans)
[~] Starting plan: PJ_P4_Nav_cost_net
[X]   [X] Journey shell ready - Error in xGetText: xGetText failed for locator 'css=#profile-chip-code': Message: [Artifacts => screenshot: None_None_203956.png | page: Non [Link to PReuse_J_P4_Shell_Networker_D4_4.txt]
[!]   -> Critical step failed. Skipping remaining actions for plan PJ_P4_Nav_cost_net / design D4.
[OK] Plan PJ_P4_Nav_cost_net completed successfully (0/0 actions)
Progress: |#############-----------------| 44.3% (51/115 plans)
[~] Starting plan: PJ_P4_Nav_promote_net
[X]   [X] Journey shell ready - Error in xGetText: xGetText failed for locator 'css=#profile-chip-code': Message: [Artifacts => screenshot: None_None_203956.png | page: Non [Link to PReuse_J_P4_Shell_Networker_D4_4.txt]
[!]   -> Critical step failed. Skipping remaining actions for plan PJ_P4_Nav_promote_net / design D4.
[OK] Plan PJ_P4_Nav_promote_net completed successfully (0/0 actions)
Progress: |#############-----------------| 45.2% (52/115 plans)
[~] Starting plan: PJ_P5_Nav_build_cli
[X]   [X] Journey shell ready - Error in xGetText: xGetText failed for locator 'css=#profile-chip-code': Message: [Artifacts => screenshot: None_None_204018.png | page: Non [Link to PReuse_J_P5_Shell_Client_D5_4.txt]
[!]   -> Critical step failed. Skipping remaining actions for plan PJ_P5_Nav_build_cli / design D5.
[OK] Plan PJ_P5_Nav_build_cli completed successfully (0/0 actions)
Progress: |#############-----------------| 46.1% (53/115 plans)
[~] Starting plan: PJ_P5_Nav_run_cli
[X]   [X] Journey shell ready - Error in xGetText: xGetText failed for locator 'css=#profile-chip-code': Message: [Artifacts => screenshot: None_None_204018.png | page: Non [Link to PReuse_J_P5_Shell_Client_D5_4.txt]
[!]   -> Critical step failed. Skipping remaining actions for plan PJ_P5_Nav_run_cli / design D5.
[OK] Plan PJ_P5_Nav_run_cli completed successfully (0/0 actions)
Progress: |##############----------------| 47.0% (54/115 plans)
[~] Starting plan: PJ_P5_Nav_analyze_cli
[X]   [X] Journey shell ready - Error in xGetText: xGetText failed for locator 'css=#profile-chip-code': Message: [Artifacts => screenshot: None_None_204018.png | page: Non [Link to PReuse_J_P5_Shell_Client_D5_4.txt]
[!]   -> Critical step failed. Skipping remaining actions for plan PJ_P5_Nav_analyze_cli / design D5.
[OK] Plan PJ_P5_Nav_analyze_cli completed successfully (0/0 actions)
Progress: |##############----------------| 47.8% (55/115 plans)
[~] Starting plan: PJ_P5_Nav_heal_cli
[X]   [X] Journey shell ready - Error in xGetText: xGetText failed for locator 'css=#profile-chip-code': Message: [Artifacts => screenshot: None_None_204018.png | page: Non [Link to PReuse_J_P5_Shell_Client_D5_4.txt]
[!]   -> Critical step failed. Skipping remaining actions for plan PJ_P5_Nav_heal_cli / design D5.
[OK] Plan PJ_P5_Nav_heal_cli completed successfully (0/0 actions)
Progress: |##############----------------| 48.7% (56/115 plans)
[~] Starting plan: PJ_P5_Nav_loop_cli
[X]   [X] Journey shell ready - Error in xGetText: xGetText failed for locator 'css=#profile-chip-code': Message: [Artifacts => screenshot: None_None_204018.png | page: Non [Link to PReuse_J_P5_Shell_Client_D5_4.txt]
[!]   -> Critical step failed. Skipping remaining actions for plan PJ_P5_Nav_loop_cli / design D5.
[OK] Plan PJ_P5_Nav_loop_cli completed successfully (0/0 actions)
Progress: |##############----------------| 49.6% (57/115 plans)
[~] Starting plan: PJ_P5_Nav_brahl_cli
[X]   [X] Journey shell ready - Error in xGetText: xGetText failed for locator 'css=#profile-chip-code': Message: [Artifacts => screenshot: None_None_204018.png | page: Non [Link to PReuse_J_P5_Shell_Client_D5_4.txt]
[!]   -> Critical step failed. Skipping remaining actions for plan PJ_P5_Nav_brahl_cli / design D5.
[OK] Plan PJ_P5_Nav_brahl_cli completed successfully (0/0 actions)
Progress: |###############---------------| 50.4% (58/115 plans)
[~] Starting plan: PJ_P5_Nav_atomic77_cli
[X]   [X] Journey shell ready - Error in xGetText: xGetText failed for locator 'css=#profile-chip-code': Message: [Artifacts => screenshot: None_None_204018.png | page: Non [Link to PReuse_J_P5_Shell_Client_D5_4.txt]
[!]   -> Critical step failed. Skipping remaining actions for plan PJ_P5_Nav_atomic77_cli / design D5.
[OK] Plan PJ_P5_Nav_atomic77_cli completed successfully (0/0 actions)
Progress: |###############---------------| 51.3% (59/115 plans)
[~] Starting plan: PJ_P5_Nav_cost_cli
[X]   [X] Journey shell ready - Error in xGetText: xGetText failed for locator 'css=#profile-chip-code': Message: [Artifacts => screenshot: None_None_204018.png | page: Non [Link to PReuse_J_P5_Shell_Client_D5_4.txt]
[!]   -> Critical step failed. Skipping remaining actions for plan PJ_P5_Nav_cost_cli / design D5.
[OK] Plan PJ_P5_Nav_cost_cli completed successfully (0/0 actions)
Progress: |###############---------------| 52.2% (60/115 plans)
[~] Starting plan: PJ_P5_Nav_atomic77_net
[X]   [X] Journey shell ready - Error in xGetText: xGetText failed for locator 'css=#profile-chip-code': Message: [Artifacts => screenshot: None_None_204041.png | page: Non [Link to PReuse_J_P5_Shell_Networker_D5_4.txt]
[!]   -> Critical step failed. Skipping remaining actions for plan PJ_P5_Nav_atomic77_net / design D5.
[OK] Plan PJ_P5_Nav_atomic77_net completed successfully (0/0 actions)
Progress: |###############---------------| 53.0% (61/115 plans)
[~] Starting plan: PJ_P5_Nav_cost_net
[X]   [X] Journey shell ready - Error in xGetText: xGetText failed for locator 'css=#profile-chip-code': Message: [Artifacts => screenshot: None_None_204041.png | page: Non [Link to PReuse_J_P5_Shell_Networker_D5_4.txt]
[!]   -> Critical step failed. Skipping remaining actions for plan PJ_P5_Nav_cost_net / design D5.
[OK] Plan PJ_P5_Nav_cost_net completed successfully (0/0 actions)
Progress: |################--------------| 53.9% (62/115 plans)
[~] Starting plan: PJ_P5_Nav_promote_net
[X]   [X] Journey shell ready - Error in xGetText: xGetText failed for locator 'css=#profile-chip-code': Message: [Artifacts => screenshot: None_None_204041.png | page: Non [Link to PReuse_J_P5_Shell_Networker_D5_4.txt]
[!]   -> Critical step failed. Skipping remaining actions for plan PJ_P5_Nav_promote_net / design D5.
[OK] Plan PJ_P5_Nav_promote_net completed successfully (0/0 actions)
Progress: |################--------------| 54.8% (63/115 plans)
[~] Starting plan: PJ_P6_Nav_build_cli
[X]   [X] Journey shell ready - Error in xGetText: xGetText failed for locator 'css=#profile-chip-code': Message: [Artifacts => screenshot: None_None_204103.png | page: Non [Link to PReuse_J_P6_Shell_Client_D6_4.txt]
[!]   -> Critical step failed. Skipping remaining actions for plan PJ_P6_Nav_build_cli / design D6.
[OK] Plan PJ_P6_Nav_build_cli completed successfully (0/0 actions)
Progress: |################--------------| 55.7% (64/115 plans)
[~] Starting plan: PJ_P6_Nav_run_cli
[X]   [X] Journey shell ready - Error in xGetText: xGetText failed for locator 'css=#profile-chip-code': Message: [Artifacts => screenshot: None_None_204103.png | page: Non [Link to PReuse_J_P6_Shell_Client_D6_4.txt]
[!]   -> Critical step failed. Skipping remaining actions for plan PJ_P6_Nav_run_cli / design D6.
[OK] Plan PJ_P6_Nav_run_cli completed successfully (0/0 actions)
Progress: |################--------------| 56.5% (65/115 plans)
[~] Starting plan: PJ_P6_Nav_analyze_cli
[X]   [X] Journey shell ready - Error in xGetText: xGetText failed for locator 'css=#profile-chip-code': Message: [Artifacts => screenshot: None_None_204103.png | page: Non [Link to PReuse_J_P6_Shell_Client_D6_4.txt]
[!]   -> Critical step failed. Skipping remaining actions for plan PJ_P6_Nav_analyze_cli / design D6.
[OK] Plan PJ_P6_Nav_analyze_cli completed successfully (0/0 actions)
Progress: |#################-------------| 57.4% (66/115 plans)
[~] Starting plan: PJ_P6_Nav_heal_cli
[X]   [X] Journey shell ready - Error in xGetText: xGetText failed for locator 'css=#profile-chip-code': Message: [Artifacts => screenshot: None_None_204103.png | page: Non [Link to PReuse_J_P6_Shell_Client_D6_4.txt]
[!]   -> Critical step failed. Skipping remaining actions for plan PJ_P6_Nav_heal_cli / design D6.
[OK] Plan PJ_P6_Nav_heal_cli completed successfully (0/0 actions)
Progress: |#################-------------| 58.3% (67/115 plans)
[~] Starting plan: PJ_P6_Nav_loop_cli
[X]   [X] Journey shell ready - Error in xGetText: xGetText failed for locator 'css=#profile-chip-code': Message: [Artifacts => screenshot: None_None_204103.png | page: Non [Link to PReuse_J_P6_Shell_Client_D6_4.txt]
[!]   -> Critical step failed. Skipping remaining actions for plan PJ_P6_Nav_loop_cli / design D6.
[OK] Plan PJ_P6_Nav_loop_cli completed successfully (0/0 actions)
Progress: |#################-------------| 59.1% (68/115 plans)
[~] Starting plan: PJ_P6_Nav_brahl_cli
[X]   [X] Journey shell ready - Error in xGetText: xGetText failed for locator 'css=#profile-chip-code': Message: [Artifacts => screenshot: None_None_204103.png | page: Non [Link to PReuse_J_P6_Shell_Client_D6_4.txt]
[!]   -> Critical step failed. Skipping remaining actions for plan PJ_P6_Nav_brahl_cli / design D6.
[OK] Plan PJ_P6_Nav_brahl_cli completed successfully (0/0 actions)
Progress: |##################------------| 60.0% (69/115 plans)
[~] Starting plan: PJ_P6_Nav_atomic77_cli
[X]   [X] Journey shell ready - Error in xGetText: xGetText failed for locator 'css=#profile-chip-code': Message: [Artifacts => screenshot: None_None_204103.png | page: Non [Link to PReuse_J_P6_Shell_Client_D6_4.txt]
[!]   -> Critical step failed. Skipping remaining actions for plan PJ_P6_Nav_atomic77_cli / design D6.
[OK] Plan PJ_P6_Nav_atomic77_cli completed successfully (0/0 actions)
Progress: |##################------------| 60.9% (70/115 plans)
[~] Starting plan: PJ_P6_Nav_cost_cli
[X]   [X] Journey shell ready - Error in xGetText: xGetText failed for locator 'css=#profile-chip-code': Message: [Artifacts => screenshot: None_None_204103.png | page: Non [Link to PReuse_J_P6_Shell_Client_D6_4.txt]
[!]   -> Critical step failed. Skipping remaining actions for plan PJ_P6_Nav_cost_cli / design D6.
[OK] Plan PJ_P6_Nav_cost_cli completed successfully (0/0 actions)
Progress: |##################------------| 61.7% (71/115 plans)
[~] Starting plan: PJ_P6_Nav_build_con
[X]   [X] Journey shell ready - Error in xGetText: xGetText failed for locator 'css=#profile-chip-code': Message: [Artifacts => screenshot: None_None_204126.png | page: Non [Link to PReuse_J_P6_Shell_Consultant_D6_4.txt]
[!]   -> Critical step failed. Skipping remaining actions for plan PJ_P6_Nav_build_con / design D6.
[OK] Plan PJ_P6_Nav_build_con completed successfully (0/0 actions)
Progress: |##################------------| 62.6% (72/115 plans)
[~] Starting plan: PJ_P6_Nav_run_con
[X]   [X] Journey shell ready - Error in xGetText: xGetText failed for locator 'css=#profile-chip-code': Message: [Artifacts => screenshot: None_None_204126.png | page: Non [Link to PReuse_J_P6_Shell_Consultant_D6_4.txt]
[!]   -> Critical step failed. Skipping remaining actions for plan PJ_P6_Nav_run_con / design D6.
[OK] Plan PJ_P6_Nav_run_con completed successfully (0/0 actions)
Progress: |###################-----------| 63.5% (73/115 plans)
[~] Starting plan: PJ_P6_Nav_analyze_con
[X]   [X] Journey shell ready - Error in xGetText: xGetText failed for locator 'css=#profile-chip-code': Message: [Artifacts => screenshot: None_None_204126.png | page: Non [Link to PReuse_J_P6_Shell_Consultant_D6_4.txt]
[!]   -> Critical step failed. Skipping remaining actions for plan PJ_P6_Nav_analyze_con / design D6.
[OK] Plan PJ_P6_Nav_analyze_con completed successfully (0/0 actions)
Progress: |###################-----------| 64.3% (74/115 plans)
[~] Starting plan: PJ_P6_Nav_heal_con
[X]   [X] Journey shell ready - Error in xGetText: xGetText failed for locator 'css=#profile-chip-code': Message: [Artifacts => screenshot: None_None_204126.png | page: Non [Link to PReuse_J_P6_Shell_Consultant_D6_4.txt]
[!]   -> Critical step failed. Skipping remaining actions for plan PJ_P6_Nav_heal_con / design D6.
[OK] Plan PJ_P6_Nav_heal_con completed successfully (0/0 actions)
Progress: |###################-----------| 65.2% (75/115 plans)
[~] Starting plan: PJ_P6_Nav_loop_con
[X]   [X] Journey shell ready - Error in xGetText: xGetText failed for locator 'css=#profile-chip-code': Message: [Artifacts => screenshot: None_None_204126.png | page: Non [Link to PReuse_J_P6_Shell_Consultant_D6_4.txt]
[!]   -> Critical step failed. Skipping remaining actions for plan PJ_P6_Nav_loop_con / design D6.
[OK] Plan PJ_P6_Nav_loop_con completed successfully (0/0 actions)
Progress: |###################-----------| 66.1% (76/115 plans)
[~] Starting plan: PJ_P6_Nav_brahl_con
[X]   [X] Journey shell ready - Error in xGetText: xGetText failed for locator 'css=#profile-chip-code': Message: [Artifacts => screenshot: None_None_204126.png | page: Non [Link to PReuse_J_P6_Shell_Consultant_D6_4.txt]
[!]   -> Critical step failed. Skipping remaining actions for plan PJ_P6_Nav_brahl_con / design D6.
[OK] Plan PJ_P6_Nav_brahl_con completed successfully (0/0 actions)
Progress: |####################----------| 67.0% (77/115 plans)
[~] Starting plan: PJ_P6_Nav_atomic77_con
[X]   [X] Journey shell ready - Error in xGetText: xGetText failed for locator 'css=#profile-chip-code': Message: [Artifacts => screenshot: None_None_204126.png | page: Non [Link to PReuse_J_P6_Shell_Consultant_D6_4.txt]
[!]   -> Critical step failed. Skipping remaining actions for plan PJ_P6_Nav_atomic77_con / design D6.
[OK] Plan PJ_P6_Nav_atomic77_con completed successfully (0/0 actions)
Progress: |####################----------| 67.8% (78/115 plans)
[~] Starting plan: PJ_P6_Nav_cost_con
[X]   [X] Journey shell ready - Error in xGetText: xGetText failed for locator 'css=#profile-chip-code': Message: [Artifacts => screenshot: None_None_204126.png | page: Non [Link to PReuse_J_P6_Shell_Consultant_D6_4.txt]
[!]   -> Critical step failed. Skipping remaining actions for plan PJ_P6_Nav_cost_con / design D6.
[OK] Plan PJ_P6_Nav_cost_con completed successfully (0/0 actions)
Progress: |####################----------| 68.7% (79/115 plans)
[~] Starting plan: PJ_P6_Nav_atomic77_net
[X]   [X] Journey shell ready - Error in xGetText: xGetText failed for locator 'css=#profile-chip-code': Message: [Artifacts => screenshot: None_None_204149.png | page: Non [Link to PReuse_J_P6_Shell_Networker_D6_4.txt]
[!]   -> Critical step failed. Skipping remaining actions for plan PJ_P6_Nav_atomic77_net / design D6.
[OK] Plan PJ_P6_Nav_atomic77_net completed successfully (0/0 actions)
Progress: |####################----------| 69.6% (80/115 plans)
[~] Starting plan: PJ_P6_Nav_cost_net
[X]   [X] Journey shell ready - Error in xGetText: xGetText failed for locator 'css=#profile-chip-code': Message: [Artifacts => screenshot: None_None_204149.png | page: Non [Link to PReuse_J_P6_Shell_Networker_D6_4.txt]
[!]   -> Critical step failed. Skipping remaining actions for plan PJ_P6_Nav_cost_net / design D6.
[OK] Plan PJ_P6_Nav_cost_net completed successfully (0/0 actions)
Progress: |#####################---------| 70.4% (81/115 plans)
[~] Starting plan: PJ_P6_Nav_promote_net
[X]   [X] Journey shell ready - Error in xGetText: xGetText failed for locator 'css=#profile-chip-code': Message: [Artifacts => screenshot: None_None_204149.png | page: Non [Link to PReuse_J_P6_Shell_Networker_D6_4.txt]
[!]   -> Critical step failed. Skipping remaining actions for plan PJ_P6_Nav_promote_net / design D6.
[OK] Plan PJ_P6_Nav_promote_net completed successfully (0/0 actions)
Progress: |#####################---------| 71.3% (82/115 plans)
[~] Starting plan: PJ_P7_Nav_build_cli
[X]   [X] Journey shell ready - Error in xGetText: xGetText failed for locator 'css=#profile-chip-code': Message: [Artifacts => screenshot: None_None_204211.png | page: Non [Link to PReuse_J_P7_Shell_Client_D7_4.txt]
[!]   -> Critical step failed. Skipping remaining actions for plan PJ_P7_Nav_build_cli / design D7.
[OK] Plan PJ_P7_Nav_build_cli completed successfully (0/0 actions)
Progress: |#####################---------| 72.2% (83/115 plans)
[~] Starting plan: PJ_P7_Nav_run_cli
[X]   [X] Journey shell ready - Error in xGetText: xGetText failed for locator 'css=#profile-chip-code': Message: [Artifacts => screenshot: None_None_204211.png | page: Non [Link to PReuse_J_P7_Shell_Client_D7_4.txt]
[!]   -> Critical step failed. Skipping remaining actions for plan PJ_P7_Nav_run_cli / design D7.
[OK] Plan PJ_P7_Nav_run_cli completed successfully (0/0 actions)
Progress: |#####################---------| 73.0% (84/115 plans)
[~] Starting plan: PJ_P7_Nav_analyze_cli
[X]   [X] Journey shell ready - Error in xGetText: xGetText failed for locator 'css=#profile-chip-code': Message: [Artifacts => screenshot: None_None_204211.png | page: Non [Link to PReuse_J_P7_Shell_Client_D7_4.txt]
[!]   -> Critical step failed. Skipping remaining actions for plan PJ_P7_Nav_analyze_cli / design D7.
[OK] Plan PJ_P7_Nav_analyze_cli completed successfully (0/0 actions)
Progress: |######################--------| 73.9% (85/115 plans)
[~] Starting plan: PJ_P7_Nav_heal_cli
[X]   [X] Journey shell ready - Error in xGetText: xGetText failed for locator 'css=#profile-chip-code': Message: [Artifacts => screenshot: None_None_204211.png | page: Non [Link to PReuse_J_P7_Shell_Client_D7_4.txt]
[!]   -> Critical step failed. Skipping remaining actions for plan PJ_P7_Nav_heal_cli / design D7.
[OK] Plan PJ_P7_Nav_heal_cli completed successfully (0/0 actions)
Progress: |######################--------| 74.8% (86/115 plans)
[~] Starting plan: PJ_P7_Nav_loop_cli
[X]   [X] Journey shell ready - Error in xGetText: xGetText failed for locator 'css=#profile-chip-code': Message: [Artifacts => screenshot: None_None_204211.png | page: Non [Link to PReuse_J_P7_Shell_Client_D7_4.txt]
[!]   -> Critical step failed. Skipping remaining actions for plan PJ_P7_Nav_loop_cli / design D7.
[OK] Plan PJ_P7_Nav_loop_cli completed successfully (0/0 actions)
Progress: |######################--------| 75.7% (87/115 plans)
[~] Starting plan: PJ_P7_Nav_brahl_cli
[X]   [X] Journey shell ready - Error in xGetText: xGetText failed for locator 'css=#profile-chip-code': Message: [Artifacts => screenshot: None_None_204211.png | page: Non [Link to PReuse_J_P7_Shell_Client_D7_4.txt]
[!]   -> Critical step failed. Skipping remaining actions for plan PJ_P7_Nav_brahl_cli / design D7.
[OK] Plan PJ_P7_Nav_brahl_cli completed successfully (0/0 actions)
Progress: |######################--------| 76.5% (88/115 plans)
[~] Starting plan: PJ_P7_Nav_atomic77_cli
[X]   [X] Journey shell ready - Error in xGetText: xGetText failed for locator 'css=#profile-chip-code': Message: [Artifacts => screenshot: None_None_204211.png | page: Non [Link to PReuse_J_P7_Shell_Client_D7_4.txt]
[!]   -> Critical step failed. Skipping remaining actions for plan PJ_P7_Nav_atomic77_cli / design D7.
[OK] Plan PJ_P7_Nav_atomic77_cli completed successfully (0/0 actions)
Progress: |#######################-------| 77.4% (89/115 plans)
[~] Starting plan: PJ_P7_Nav_cost_cli
[X]   [X] Journey shell ready - Error in xGetText: xGetText failed for locator 'css=#profile-chip-code': Message: [Artifacts => screenshot: None_None_204211.png | page: Non [Link to PReuse_J_P7_Shell_Client_D7_4.txt]
[!]   -> Critical step failed. Skipping remaining actions for plan PJ_P7_Nav_cost_cli / design D7.
[OK] Plan PJ_P7_Nav_cost_cli completed successfully (0/0 actions)
Progress: |#######################-------| 78.3% (90/115 plans)
[~] Starting plan: PJ_P7_Nav_atomic77_net
[X]   [X] Journey shell ready - Error in xGetText: xGetText failed for locator 'css=#profile-chip-code': Message: [Artifacts => screenshot: None_None_204234.png | page: Non [Link to PReuse_J_P7_Shell_Networker_D7_4.txt]
[!]   -> Critical step failed. Skipping remaining actions for plan PJ_P7_Nav_atomic77_net / design D7.
[OK] Plan PJ_P7_Nav_atomic77_net completed successfully (0/0 actions)
Progress: |#######################-------| 79.1% (91/115 plans)
[~] Starting plan: PJ_P7_Nav_cost_net
[X]   [X] Journey shell ready - Error in xGetText: xGetText failed for locator 'css=#profile-chip-code': Message: [Artifacts => screenshot: None_None_204234.png | page: Non [Link to PReuse_J_P7_Shell_Networker_D7_4.txt]
[!]   -> Critical step failed. Skipping remaining actions for plan PJ_P7_Nav_cost_net / design D7.
[OK] Plan PJ_P7_Nav_cost_net completed successfully (0/0 actions)
Progress: |########################------| 80.0% (92/115 plans)
[~] Starting plan: PJ_P7_Nav_promote_net
[X]   [X] Journey shell ready - Error in xGetText: xGetText failed for locator 'css=#profile-chip-code': Message: [Artifacts => screenshot: None_None_204234.png | page: Non [Link to PReuse_J_P7_Shell_Networker_D7_4.txt]
[!]   -> Critical step failed. Skipping remaining actions for plan PJ_P7_Nav_promote_net / design D7.
[OK] Plan PJ_P7_Nav_promote_net completed successfully (0/0 actions)
Progress: |########################------| 80.9% (93/115 plans)
[~] Starting plan: PJ_P8_Nav_build_con
[X]   [X] Journey shell ready - Error in xGetText: xGetText failed for locator 'css=#profile-chip-code': Message: [Artifacts => screenshot: None_None_204256.png | page: Non [Link to PReuse_J_P8_Shell_Consultant_D8_4.txt]
[!]   -> Critical step failed. Skipping remaining actions for plan PJ_P8_Nav_build_con / design D8.
[OK] Plan PJ_P8_Nav_build_con completed successfully (0/0 actions)
Progress: |########################------| 81.7% (94/115 plans)
[~] Starting plan: PJ_P8_Nav_run_con
[X]   [X] Journey shell ready - Error in xGetText: xGetText failed for locator 'css=#profile-chip-code': Message: [Artifacts => screenshot: None_None_204256.png | page: Non [Link to PReuse_J_P8_Shell_Consultant_D8_4.txt]
[!]   -> Critical step failed. Skipping remaining actions for plan PJ_P8_Nav_run_con / design D8.
[OK] Plan PJ_P8_Nav_run_con completed successfully (0/0 actions)
Progress: |########################------| 82.6% (95/115 plans)
[~] Starting plan: PJ_P8_Nav_analyze_con
[X]   [X] Journey shell ready - Error in xGetText: xGetText failed for locator 'css=#profile-chip-code': Message: [Artifacts => screenshot: None_None_204256.png | page: Non [Link to PReuse_J_P8_Shell_Consultant_D8_4.txt]
[!]   -> Critical step failed. Skipping remaining actions for plan PJ_P8_Nav_analyze_con / design D8.
[OK] Plan PJ_P8_Nav_analyze_con completed successfully (0/0 actions)
Progress: |#########################-----| 83.5% (96/115 plans)
[~] Starting plan: PJ_P8_Nav_heal_con
[X]   [X] Journey shell ready - Error in xGetText: xGetText failed for locator 'css=#profile-chip-code': Message: [Artifacts => screenshot: None_None_204256.png | page: Non [Link to PReuse_J_P8_Shell_Consultant_D8_4.txt]
[!]   -> Critical step failed. Skipping remaining actions for plan PJ_P8_Nav_heal_con / design D8.
[OK] Plan PJ_P8_Nav_heal_con completed successfully (0/0 actions)
Progress: |#########################-----| 84.3% (97/115 plans)
[~] Starting plan: PJ_P8_Nav_loop_con
[X]   [X] Journey shell ready - Error in xGetText: xGetText failed for locator 'css=#profile-chip-code': Message: [Artifacts => screenshot: None_None_204256.png | page: Non [Link to PReuse_J_P8_Shell_Consultant_D8_4.txt]
[!]   -> Critical step failed. Skipping remaining actions for plan PJ_P8_Nav_loop_con / design D8.
[OK] Plan PJ_P8_Nav_loop_con completed successfully (0/0 actions)
Progress: |#########################-----| 85.2% (98/115 plans)
[~] Starting plan: PJ_P8_Nav_brahl_con
[X]   [X] Journey shell ready - Error in xGetText: xGetText failed for locator 'css=#profile-chip-code': Message: [Artifacts => screenshot: None_None_204256.png | page: Non [Link to PReuse_J_P8_Shell_Consultant_D8_4.txt]
[!]   -> Critical step failed. Skipping remaining actions for plan PJ_P8_Nav_brahl_con / design D8.
[OK] Plan PJ_P8_Nav_brahl_con completed successfully (0/0 actions)
Progress: |#########################-----| 86.1% (99/115 plans)
[~] Starting plan: PJ_P8_Nav_atomic77_con
[X]   [X] Journey shell ready - Error in xGetText: xGetText failed for locator 'css=#profile-chip-code': Message: [Artifacts => screenshot: None_None_204256.png | page: Non [Link to PReuse_J_P8_Shell_Consultant_D8_4.txt]
[!]   -> Critical step failed. Skipping remaining actions for plan PJ_P8_Nav_atomic77_con / design D8.
[OK] Plan PJ_P8_Nav_atomic77_con completed successfully (0/0 actions)
Progress: |##########################----| 87.0% (100/115 plans)
[~] Starting plan: PJ_P8_Nav_cost_con
[X]   [X] Journey shell ready - Error in xGetText: xGetText failed for locator 'css=#profile-chip-code': Message: [Artifacts => screenshot: None_None_204256.png | page: Non [Link to PReuse_J_P8_Shell_Consultant_D8_4.txt]
[!]   -> Critical step failed. Skipping remaining actions for plan PJ_P8_Nav_cost_con / design D8.
[OK] Plan PJ_P8_Nav_cost_con completed successfully (0/0 actions)
Progress: |##########################----| 87.8% (101/115 plans)
[~] Starting plan: PJ_P8_Nav_atomic77_net
[X]   [X] Journey shell ready - Error in xGetText: xGetText failed for locator 'css=#profile-chip-code': Message: [Artifacts => screenshot: None_None_204319.png | page: Non [Link to PReuse_J_P8_Shell_Networker_D8_4.txt]
[!]   -> Critical step failed. Skipping remaining actions for plan PJ_P8_Nav_atomic77_net / design D8.
[OK] Plan PJ_P8_Nav_atomic77_net completed successfully (0/0 actions)
Progress: |##########################----| 88.7% (102/115 plans)
[~] Starting plan: PJ_P8_Nav_cost_net
[X]   [X] Journey shell ready - Error in xGetText: xGetText failed for locator 'css=#profile-chip-code': Message: [Artifacts => screenshot: None_None_204319.png | page: Non [Link to PReuse_J_P8_Shell_Networker_D8_4.txt]
[!]   -> Critical step failed. Skipping remaining actions for plan PJ_P8_Nav_cost_net / design D8.
[OK] Plan PJ_P8_Nav_cost_net completed successfully (0/0 actions)
Progress: |##########################----| 89.6% (103/115 plans)
[~] Starting plan: PJ_P8_Nav_promote_net
[X]   [X] Journey shell ready - Error in xGetText: xGetText failed for locator 'css=#profile-chip-code': Message: [Artifacts => screenshot: None_None_204319.png | page: Non [Link to PReuse_J_P8_Shell_Networker_D8_4.txt]
[!]   -> Critical step failed. Skipping remaining actions for plan PJ_P8_Nav_promote_net / design D8.
[OK] Plan PJ_P8_Nav_promote_net completed successfully (0/0 actions)
Progress: |###########################---| 90.4% (104/115 plans)
[~] Starting plan: PJ_P9_Nav_build_cli
[X]   [X] Journey shell ready - Error in xGetText: xGetText failed for locator 'css=#profile-chip-code': Message: [Artifacts => screenshot: None_None_204341.png | page: Non [Link to PReuse_J_P9_Shell_Client_D9_4.txt]
[!]   -> Critical step failed. Skipping remaining actions for plan PJ_P9_Nav_build_cli / design D9.
[OK] Plan PJ_P9_Nav_build_cli completed successfully (0/0 actions)
Progress: |###########################---| 91.3% (105/115 plans)
[~] Starting plan: PJ_P9_Nav_run_cli
[X]   [X] Journey shell ready - Error in xGetText: xGetText failed for locator 'css=#profile-chip-code': Message: [Artifacts => screenshot: None_None_204341.png | page: Non [Link to PReuse_J_P9_Shell_Client_D9_4.txt]
[!]   -> Critical step failed. Skipping remaining actions for plan PJ_P9_Nav_run_cli / design D9.
[OK] Plan PJ_P9_Nav_run_cli completed successfully (0/0 actions)
Progress: |###########################---| 92.2% (106/115 plans)
[~] Starting plan: PJ_P9_Nav_analyze_cli
[X]   [X] Journey shell ready - Error in xGetText: xGetText failed for locator 'css=#profile-chip-code': Message: [Artifacts => screenshot: None_None_204341.png | page: Non [Link to PReuse_J_P9_Shell_Client_D9_4.txt]
[!]   -> Critical step failed. Skipping remaining actions for plan PJ_P9_Nav_analyze_cli / design D9.
[OK] Plan PJ_P9_Nav_analyze_cli completed successfully (0/0 actions)
Progress: |###########################---| 93.0% (107/115 plans)
[~] Starting plan: PJ_P9_Nav_heal_cli
[X]   [X] Journey shell ready - Error in xGetText: xGetText failed for locator 'css=#profile-chip-code': Message: [Artifacts => screenshot: None_None_204341.png | page: Non [Link to PReuse_J_P9_Shell_Client_D9_4.txt]
[!]   -> Critical step failed. Skipping remaining actions for plan PJ_P9_Nav_heal_cli / design D9.
[OK] Plan PJ_P9_Nav_heal_cli completed successfully (0/0 actions)
Progress: |############################--| 93.9% (108/115 plans)
[~] Starting plan: PJ_P9_Nav_loop_cli
[X]   [X] Journey shell ready - Error in xGetText: xGetText failed for locator 'css=#profile-chip-code': Message: [Artifacts => screenshot: None_None_204341.png | page: Non [Link to PReuse_J_P9_Shell_Client_D9_4.txt]
[!]   -> Critical step failed. Skipping remaining actions for plan PJ_P9_Nav_loop_cli / design D9.
[OK] Plan PJ_P9_Nav_loop_cli completed successfully (0/0 actions)
Progress: |############################--| 94.8% (109/115 plans)
[~] Starting plan: PJ_P9_Nav_brahl_cli
[X]   [X] Journey shell ready - Error in xGetText: xGetText failed for locator 'css=#profile-chip-code': Message: [Artifacts => screenshot: None_None_204341.png | page: Non [Link to PReuse_J_P9_Shell_Client_D9_4.txt]
[!]   -> Critical step failed. Skipping remaining actions for plan PJ_P9_Nav_brahl_cli / design D9.
[OK] Plan PJ_P9_Nav_brahl_cli completed successfully (0/0 actions)
Progress: |############################--| 95.7% (110/115 plans)
[~] Starting plan: PJ_P9_Nav_atomic77_cli
[X]   [X] Journey shell ready - Error in xGetText: xGetText failed for locator 'css=#profile-chip-code': Message: [Artifacts => screenshot: None_None_204341.png | page: Non [Link to PReuse_J_P9_Shell_Client_D9_4.txt]
[!]   -> Critical step failed. Skipping remaining actions for plan PJ_P9_Nav_atomic77_cli / design D9.
[OK] Plan PJ_P9_Nav_atomic77_cli completed successfully (0/0 actions)
Progress: |############################--| 96.5% (111/115 plans)
[~] Starting plan: PJ_P9_Nav_cost_cli
[X]   [X] Journey shell ready - Error in xGetText: xGetText failed for locator 'css=#profile-chip-code': Message: [Artifacts => screenshot: None_None_204341.png | page: Non [Link to PReuse_J_P9_Shell_Client_D9_4.txt]
[!]   -> Critical step failed. Skipping remaining actions for plan PJ_P9_Nav_cost_cli / design D9.
[OK] Plan PJ_P9_Nav_cost_cli completed successfully (0/0 actions)
Progress: |#############################-| 97.4% (112/115 plans)
[~] Starting plan: PJ_P9_Nav_atomic77_net
[X]   [X] Journey shell ready - Error in xGetText: xGetText failed for locator 'css=#profile-chip-code': Message: [Artifacts => screenshot: None_None_204404.png | page: Non [Link to PReuse_J_P9_Shell_Networker_D9_4.txt]
[!]   -> Critical step failed. Skipping remaining actions for plan PJ_P9_Nav_atomic77_net / design D9.
[OK] Plan PJ_P9_Nav_atomic77_net completed successfully (0/0 actions)
Progress: |#############################-| 98.3% (113/115 plans)
[~] Starting plan: PJ_P9_Nav_cost_net
[X]   [X] Journey shell ready - Error in xGetText: xGetText failed for locator 'css=#profile-chip-code': Message: [Artifacts => screenshot: None_None_204404.png | page: Non [Link to PReuse_J_P9_Shell_Networker_D9_4.txt]
[!]   -> Critical step failed. Skipping remaining actions for plan PJ_P9_Nav_cost_net / design D9.
[OK] Plan PJ_P9_Nav_cost_net completed successfully (0/0 actions)
Progress: |#############################-| 99.1% (114/115 plans)
[~] Starting plan: PJ_P9_Nav_promote_net
[X]   [X] Journey shell ready - Error in xGetText: xGetText failed for locator 'css=#profile-chip-code': Message: [Artifacts => screenshot: None_None_204404.png | page: Non [Link to PReuse_J_P9_Shell_Networker_D9_4.txt]
[!]   -> Critical step failed. Skipping remaining actions for plan PJ_P9_Nav_promote_net / design D9.
[OK] Plan PJ_P9_Nav_promote_net completed successfully (0/0 actions)
Progress: |##############################| 100.0% (115/115 plans)

[i] Generating results and dashboard...
[i] Cleaned up 153 empty directory(ies)
[!] Error summary saved: C:\006\FXYZ\KK\z\20260706_203628_qoa_web\_errors.csv

============================================================
  EXECUTION SUMMARY
============================================================
? Total Plans: 115
? Passed: 0
? Failed: 20
??  Total Time: 470.97 seconds
? Results saved to: C:\006\FXYZ\KK\z\20260706_203628_qoa_web
? Dashboard: C:\006\FXYZ\KK\z\20260706_203628_qoa_web\qoa_web_zDash.html
============================================================

[OK] Test suite 'qoa_web' completed successfully!
