
============================================================
  FoXYiZ Test Framework
============================================================
[i] Loading configuration...
[i] Headless mode enabled
[i] Using 1 threads for parallel execution

============================================================
  Processing Test Suite 1/1
============================================================
[i] Test Suite: qoa_web
[i] Output Directory: C:\006\FXYZ\KK\z\20260706_203628_qoa_web
[i] Loaded plan file: y1Plans.csv (55 plans)
[i] Loaded plan file: y1Plans_journey.csv (800 plans)
[i] Total plans loaded: 855 from 2 file(s)
[i] Tag filter: Running plans with tags: BRAHL
[i] Found 86 plans to execute
[~] Starting plan: PWeb_Panel_Brahl
[X]   [X] Client ready - Error in xGetText: xGetText failed for locator 'css=#profile-chip-code': Message: [Artifacts => screenshot: None_None_203650.png | page: Non [Link to PReuse_PersonaReady_D1_3.txt]
[!]   -> Critical step failed. Skipping remaining actions for plan PWeb_Panel_Brahl / design D1.
[OK] Plan PWeb_Panel_Brahl completed successfully (0/0 actions)
Progress: |------------------------------| 1.2% (1/86 plans)
[~] Starting plan: PWeb_GoNoGo_Block
[X]   [X] Client ready - Error in xGetText: xGetText failed for locator 'css=#profile-chip-code': Message: [Artifacts => screenshot: None_None_203650.png | page: Non [Link to PReuse_PersonaReady_D1_3.txt]
[!]   -> Critical step failed. Skipping remaining actions for plan PWeb_GoNoGo_Block / design D1.
[OK] Plan PWeb_GoNoGo_Block completed successfully (0/0 actions)
Progress: |------------------------------| 2.3% (2/86 plans)
[~] Starting plan: PJ_P1_Nav_brahl_cli
[X]   [X] Journey shell ready - Error in xGetText: xGetText failed for locator 'css=#profile-chip-code': Message: [Artifacts => screenshot: None_None_203712.png | page: Non [Link to PReuse_J_P1_Shell_Client_D1_4.txt]
[!]   -> Critical step failed. Skipping remaining actions for plan PJ_P1_Nav_brahl_cli / design D1.
[OK] Plan PJ_P1_Nav_brahl_cli completed successfully (0/0 actions)
Progress: |#-----------------------------| 3.5% (3/86 plans)
[~] Starting plan: PJ_P2_Nav_brahl_cli
[X]   [X] Journey shell ready - Error in xGetText: xGetText failed for locator 'css=#profile-chip-code': Message: [Artifacts => screenshot: None_None_203734.png | page: Non [Link to PReuse_J_P2_Shell_Client_D2_4.txt]
[!]   -> Critical step failed. Skipping remaining actions for plan PJ_P2_Nav_brahl_cli / design D2.
[OK] Plan PJ_P2_Nav_brahl_cli completed successfully (0/0 actions)
Progress: |#-----------------------------| 4.7% (4/86 plans)
[~] Starting plan: PJ_P2_Nav_brahl_con
[X]   [X] Journey shell ready - Error in xGetText: xGetText failed for locator 'css=#profile-chip-code': Message: [Artifacts => screenshot: None_None_203756.png | page: Non [Link to PReuse_J_P2_Shell_Consultant_D2_4.txt]
[!]   -> Critical step failed. Skipping remaining actions for plan PJ_P2_Nav_brahl_con / design D2.
[OK] Plan PJ_P2_Nav_brahl_con completed successfully (0/0 actions)
Progress: |#-----------------------------| 5.8% (5/86 plans)
[~] Starting plan: PJ_P3_Nav_brahl_con
[X]   [X] Journey shell ready - Error in xGetText: xGetText failed for locator 'css=#profile-chip-code': Message: [Artifacts => screenshot: None_None_203817.png | page: Non [Link to PReuse_J_P3_Shell_Consultant_D3_4.txt]
[!]   -> Critical step failed. Skipping remaining actions for plan PJ_P3_Nav_brahl_con / design D3.
[OK] Plan PJ_P3_Nav_brahl_con completed successfully (0/0 actions)
Progress: |##----------------------------| 7.0% (6/86 plans)
[~] Starting plan: PJ_P4_Nav_brahl_con
[X]   [X] Journey shell ready - Error in xGetText: xGetText failed for locator 'css=#profile-chip-code': Message: [Artifacts => screenshot: None_None_203839.png | page: Non [Link to PReuse_J_P4_Shell_Consultant_D4_4.txt]
[!]   -> Critical step failed. Skipping remaining actions for plan PJ_P4_Nav_brahl_con / design D4.
[OK] Plan PJ_P4_Nav_brahl_con completed successfully (0/0 actions)
Progress: |##----------------------------| 8.1% (7/86 plans)
[~] Starting plan: PJ_P5_Nav_brahl_cli
[X]   [X] Journey shell ready - Error in xGetText: xGetText failed for locator 'css=#profile-chip-code': Message: [Artifacts => screenshot: None_None_203901.png | page: Non [Link to PReuse_J_P5_Shell_Client_D5_4.txt]
[!]   -> Critical step failed. Skipping remaining actions for plan PJ_P5_Nav_brahl_cli / design D5.
[OK] Plan PJ_P5_Nav_brahl_cli completed successfully (0/0 actions)
Progress: |##----------------------------| 9.3% (8/86 plans)
[~] Starting plan: PJ_P6_Nav_brahl_cli
[X]   [X] Journey shell ready - Error in xGetText: xGetText failed for locator 'css=#profile-chip-code': Message: [Artifacts => screenshot: None_None_203922.png | page: Non [Link to PReuse_J_P6_Shell_Client_D6_4.txt]
[!]   -> Critical step failed. Skipping remaining actions for plan PJ_P6_Nav_brahl_cli / design D6.
[OK] Plan PJ_P6_Nav_brahl_cli completed successfully (0/0 actions)
Progress: |###---------------------------| 10.5% (9/86 plans)
[~] Starting plan: PJ_P6_Nav_brahl_con
[X]   [X] Journey shell ready - Error in xGetText: xGetText failed for locator 'css=#profile-chip-code': Message: [Artifacts => screenshot: None_None_203944.png | page: Non [Link to PReuse_J_P6_Shell_Consultant_D6_4.txt]
[!]   -> Critical step failed. Skipping remaining actions for plan PJ_P6_Nav_brahl_con / design D6.
[OK] Plan PJ_P6_Nav_brahl_con completed successfully (0/0 actions)
Progress: |###---------------------------| 11.6% (10/86 plans)
[~] Starting plan: PJ_P7_Nav_brahl_cli
[X]   [X] Journey shell ready - Error in xGetText: xGetText failed for locator 'css=#profile-chip-code': Message: [Artifacts => screenshot: None_None_204006.png | page: Non [Link to PReuse_J_P7_Shell_Client_D7_4.txt]
[!]   -> Critical step failed. Skipping remaining actions for plan PJ_P7_Nav_brahl_cli / design D7.
[OK] Plan PJ_P7_Nav_brahl_cli completed successfully (0/0 actions)
Progress: |###---------------------------| 12.8% (11/86 plans)
[~] Starting plan: PJ_P8_Nav_brahl_con
[X]   [X] Journey shell ready - Error in xGetText: xGetText failed for locator 'css=#profile-chip-code': Message: [Artifacts => screenshot: None_None_204027.png | page: Non [Link to PReuse_J_P8_Shell_Consultant_D8_4.txt]
[!]   -> Critical step failed. Skipping remaining actions for plan PJ_P8_Nav_brahl_con / design D8.
[OK] Plan PJ_P8_Nav_brahl_con completed successfully (0/0 actions)
Progress: |####--------------------------| 14.0% (12/86 plans)
[~] Starting plan: PJ_P9_Nav_brahl_cli
[X]   [X] Journey shell ready - Error in xGetText: xGetText failed for locator 'css=#profile-chip-code': Message: [Artifacts => screenshot: None_None_204049.png | page: Non [Link to PReuse_J_P9_Shell_Client_D9_4.txt]
[!]   -> Critical step failed. Skipping remaining actions for plan PJ_P9_Nav_brahl_cli / design D9.
[OK] Plan PJ_P9_Nav_brahl_cli completed successfully (0/0 actions)
Progress: |####--------------------------| 15.1% (13/86 plans)
[~] Starting plan: PJ_P1_Head_brahl_cli
[X]   [X] Journey shell ready - Error in xGetText: xGetText failed for locator 'css=#profile-chip-code': Message: [Artifacts => screenshot: None_None_203712.png | page: Non [Link to PReuse_J_P1_Shell_Client_D1_4.txt]
[!]   -> Critical step failed. Skipping remaining actions for plan PJ_P1_Head_brahl_cli / design D1.
[OK] Plan PJ_P1_Head_brahl_cli completed successfully (0/0 actions)
Progress: |####--------------------------| 16.3% (14/86 plans)
[~] Starting plan: PJ_P2_Head_brahl_cli
[X]   [X] Journey shell ready - Error in xGetText: xGetText failed for locator 'css=#profile-chip-code': Message: [Artifacts => screenshot: None_None_203734.png | page: Non [Link to PReuse_J_P2_Shell_Client_D2_4.txt]
[!]   -> Critical step failed. Skipping remaining actions for plan PJ_P2_Head_brahl_cli / design D2.
[OK] Plan PJ_P2_Head_brahl_cli completed successfully (0/0 actions)
Progress: |#####-------------------------| 17.4% (15/86 plans)
[~] Starting plan: PJ_P2_Head_brahl_con
[X]   [X] Journey shell ready - Error in xGetText: xGetText failed for locator 'css=#profile-chip-code': Message: [Artifacts => screenshot: None_None_203756.png | page: Non [Link to PReuse_J_P2_Shell_Consultant_D2_4.txt]
[!]   -> Critical step failed. Skipping remaining actions for plan PJ_P2_Head_brahl_con / design D2.
[OK] Plan PJ_P2_Head_brahl_con completed successfully (0/0 actions)
Progress: |#####-------------------------| 18.6% (16/86 plans)
[~] Starting plan: PJ_P3_Head_brahl_cli
[X]   [X] Journey shell ready - Error in xGetText: xGetText failed for locator 'css=#profile-chip-code': Message: [Artifacts => screenshot: None_None_204111.png | page: Non [Link to PReuse_J_P3_Shell_Client_D3_4.txt]
[!]   -> Critical step failed. Skipping remaining actions for plan PJ_P3_Head_brahl_cli / design D3.
[OK] Plan PJ_P3_Head_brahl_cli completed successfully (0/0 actions)
Progress: |#####-------------------------| 19.8% (17/86 plans)
[~] Starting plan: PJ_P3_Head_brahl_con
[X]   [X] Journey shell ready - Error in xGetText: xGetText failed for locator 'css=#profile-chip-code': Message: [Artifacts => screenshot: None_None_203817.png | page: Non [Link to PReuse_J_P3_Shell_Consultant_D3_4.txt]
[!]   -> Critical step failed. Skipping remaining actions for plan PJ_P3_Head_brahl_con / design D3.
[OK] Plan PJ_P3_Head_brahl_con completed successfully (0/0 actions)
Progress: |######------------------------| 20.9% (18/86 plans)
[~] Starting plan: PJ_P4_Head_brahl_cli
[X]   [X] Journey shell ready - Error in xGetText: xGetText failed for locator 'css=#profile-chip-code': Message: [Artifacts => screenshot: None_None_204133.png | page: Non [Link to PReuse_J_P4_Shell_Client_D4_4.txt]
[!]   -> Critical step failed. Skipping remaining actions for plan PJ_P4_Head_brahl_cli / design D4.
[OK] Plan PJ_P4_Head_brahl_cli completed successfully (0/0 actions)
Progress: |######------------------------| 22.1% (19/86 plans)
[~] Starting plan: PJ_P4_Head_brahl_con
[X]   [X] Journey shell ready - Error in xGetText: xGetText failed for locator 'css=#profile-chip-code': Message: [Artifacts => screenshot: None_None_203839.png | page: Non [Link to PReuse_J_P4_Shell_Consultant_D4_4.txt]
[!]   -> Critical step failed. Skipping remaining actions for plan PJ_P4_Head_brahl_con / design D4.
[OK] Plan PJ_P4_Head_brahl_con completed successfully (0/0 actions)
Progress: |######------------------------| 23.3% (20/86 plans)
[~] Starting plan: PJ_P5_Head_brahl_cli
[X]   [X] Journey shell ready - Error in xGetText: xGetText failed for locator 'css=#profile-chip-code': Message: [Artifacts => screenshot: None_None_203901.png | page: Non [Link to PReuse_J_P5_Shell_Client_D5_4.txt]
[!]   -> Critical step failed. Skipping remaining actions for plan PJ_P5_Head_brahl_cli / design D5.
[OK] Plan PJ_P5_Head_brahl_cli completed successfully (0/0 actions)
Progress: |#######-----------------------| 24.4% (21/86 plans)
[~] Starting plan: PJ_P6_Head_brahl_cli
[X]   [X] Journey shell ready - Error in xGetText: xGetText failed for locator 'css=#profile-chip-code': Message: [Artifacts => screenshot: None_None_203922.png | page: Non [Link to PReuse_J_P6_Shell_Client_D6_4.txt]
[!]   -> Critical step failed. Skipping remaining actions for plan PJ_P6_Head_brahl_cli / design D6.
[OK] Plan PJ_P6_Head_brahl_cli completed successfully (0/0 actions)
Progress: |#######-----------------------| 25.6% (22/86 plans)
[~] Starting plan: PJ_P6_Head_brahl_con
[X]   [X] Journey shell ready - Error in xGetText: xGetText failed for locator 'css=#profile-chip-code': Message: [Artifacts => screenshot: None_None_203944.png | page: Non [Link to PReuse_J_P6_Shell_Consultant_D6_4.txt]
[!]   -> Critical step failed. Skipping remaining actions for plan PJ_P6_Head_brahl_con / design D6.
[OK] Plan PJ_P6_Head_brahl_con completed successfully (0/0 actions)
Progress: |########----------------------| 26.7% (23/86 plans)
[~] Starting plan: PJ_P7_Head_brahl_cli
[X]   [X] Journey shell ready - Error in xGetText: xGetText failed for locator 'css=#profile-chip-code': Message: [Artifacts => screenshot: None_None_204006.png | page: Non [Link to PReuse_J_P7_Shell_Client_D7_4.txt]
[!]   -> Critical step failed. Skipping remaining actions for plan PJ_P7_Head_brahl_cli / design D7.
[OK] Plan PJ_P7_Head_brahl_cli completed successfully (0/0 actions)
Progress: |########----------------------| 27.9% (24/86 plans)
[~] Starting plan: PJ_P8_Head_brahl_cli
[X]   [X] Journey shell ready - Error in xGetText: xGetText failed for locator 'css=#profile-chip-code': Message: [Artifacts => screenshot: None_None_204156.png | page: Non [Link to PReuse_J_P8_Shell_Client_D8_4.txt]
[!]   -> Critical step failed. Skipping remaining actions for plan PJ_P8_Head_brahl_cli / design D8.
[OK] Plan PJ_P8_Head_brahl_cli completed successfully (0/0 actions)
Progress: |########----------------------| 29.1% (25/86 plans)
[~] Starting plan: PJ_P8_Head_brahl_con
[X]   [X] Journey shell ready - Error in xGetText: xGetText failed for locator 'css=#profile-chip-code': Message: [Artifacts => screenshot: None_None_204027.png | page: Non [Link to PReuse_J_P8_Shell_Consultant_D8_4.txt]
[!]   -> Critical step failed. Skipping remaining actions for plan PJ_P8_Head_brahl_con / design D8.
[OK] Plan PJ_P8_Head_brahl_con completed successfully (0/0 actions)
Progress: |#########---------------------| 30.2% (26/86 plans)
[~] Starting plan: PJ_P9_Head_brahl_cli
[X]   [X] Journey shell ready - Error in xGetText: xGetText failed for locator 'css=#profile-chip-code': Message: [Artifacts => screenshot: None_None_204049.png | page: Non [Link to PReuse_J_P9_Shell_Client_D9_4.txt]
[!]   -> Critical step failed. Skipping remaining actions for plan PJ_P9_Head_brahl_cli / design D9.
[OK] Plan PJ_P9_Head_brahl_cli completed successfully (0/0 actions)
Progress: |#########---------------------| 31.4% (27/86 plans)
[~] Starting plan: PJ_P1_Cycle_build_to_run
[X]   [X] Journey shell ready - Error in xGetText: xGetText failed for locator 'css=#profile-chip-code': Message: [Artifacts => screenshot: None_None_203712.png | page: Non [Link to PReuse_J_P1_Shell_Client_D1_4.txt]
[!]   -> Critical step failed. Skipping remaining actions for plan PJ_P1_Cycle_build_to_run / design D1.
[OK] Plan PJ_P1_Cycle_build_to_run completed successfully (0/0 actions)
Progress: |#########---------------------| 32.6% (28/86 plans)
[~] Starting plan: PJ_P1_Cycle_run_to_analyze
[X]   [X] Journey shell ready - Error in xGetText: xGetText failed for locator 'css=#profile-chip-code': Message: [Artifacts => screenshot: None_None_203712.png | page: Non [Link to PReuse_J_P1_Shell_Client_D1_4.txt]
[!]   -> Critical step failed. Skipping remaining actions for plan PJ_P1_Cycle_run_to_analyze / design D1.
[OK] Plan PJ_P1_Cycle_run_to_analyze completed successfully (0/0 actions)
Progress: |##########--------------------| 33.7% (29/86 plans)
[~] Starting plan: PJ_P1_Cycle_analyze_to_heal
[X]   [X] Journey shell ready - Error in xGetText: xGetText failed for locator 'css=#profile-chip-code': Message: [Artifacts => screenshot: None_None_203712.png | page: Non [Link to PReuse_J_P1_Shell_Client_D1_4.txt]
[!]   -> Critical step failed. Skipping remaining actions for plan PJ_P1_Cycle_analyze_to_heal / design D1.
[OK] Plan PJ_P1_Cycle_analyze_to_heal completed successfully (0/0 actions)
Progress: |##########--------------------| 34.9% (30/86 plans)
[~] Starting plan: PJ_P1_Cycle_heal_to_loop
[X]   [X] Journey shell ready - Error in xGetText: xGetText failed for locator 'css=#profile-chip-code': Message: [Artifacts => screenshot: None_None_203712.png | page: Non [Link to PReuse_J_P1_Shell_Client_D1_4.txt]
[!]   -> Critical step failed. Skipping remaining actions for plan PJ_P1_Cycle_heal_to_loop / design D1.
[OK] Plan PJ_P1_Cycle_heal_to_loop completed successfully (0/0 actions)
Progress: |##########--------------------| 36.0% (31/86 plans)
[~] Starting plan: PJ_P1_Cycle_loop_to_brahl
[X]   [X] Journey shell ready - Error in xGetText: xGetText failed for locator 'css=#profile-chip-code': Message: [Artifacts => screenshot: None_None_203712.png | page: Non [Link to PReuse_J_P1_Shell_Client_D1_4.txt]
[!]   -> Critical step failed. Skipping remaining actions for plan PJ_P1_Cycle_loop_to_brahl / design D1.
[OK] Plan PJ_P1_Cycle_loop_to_brahl completed successfully (0/0 actions)
Progress: |###########-------------------| 37.2% (32/86 plans)
[~] Starting plan: PJ_P1_Cycle_brahl_to_cost
[X]   [X] Journey shell ready - Error in xGetText: xGetText failed for locator 'css=#profile-chip-code': Message: [Artifacts => screenshot: None_None_203712.png | page: Non [Link to PReuse_J_P1_Shell_Client_D1_4.txt]
[!]   -> Critical step failed. Skipping remaining actions for plan PJ_P1_Cycle_brahl_to_cost / design D1.
[OK] Plan PJ_P1_Cycle_brahl_to_cost completed successfully (0/0 actions)
Progress: |###########-------------------| 38.4% (33/86 plans)
[~] Starting plan: PJ_P2_Cycle_build_to_run
[X]   [X] Journey shell ready - Error in xGetText: xGetText failed for locator 'css=#profile-chip-code': Message: [Artifacts => screenshot: None_None_203734.png | page: Non [Link to PReuse_J_P2_Shell_Client_D2_4.txt]
[!]   -> Critical step failed. Skipping remaining actions for plan PJ_P2_Cycle_build_to_run / design D2.
[OK] Plan PJ_P2_Cycle_build_to_run completed successfully (0/0 actions)
Progress: |###########-------------------| 39.5% (34/86 plans)
[~] Starting plan: PJ_P2_Cycle_run_to_analyze
[X]   [X] Journey shell ready - Error in xGetText: xGetText failed for locator 'css=#profile-chip-code': Message: [Artifacts => screenshot: None_None_203734.png | page: Non [Link to PReuse_J_P2_Shell_Client_D2_4.txt]
[!]   -> Critical step failed. Skipping remaining actions for plan PJ_P2_Cycle_run_to_analyze / design D2.
[OK] Plan PJ_P2_Cycle_run_to_analyze completed successfully (0/0 actions)
Progress: |############------------------| 40.7% (35/86 plans)
[~] Starting plan: PJ_P2_Cycle_analyze_to_heal
[X]   [X] Journey shell ready - Error in xGetText: xGetText failed for locator 'css=#profile-chip-code': Message: [Artifacts => screenshot: None_None_203734.png | page: Non [Link to PReuse_J_P2_Shell_Client_D2_4.txt]
[!]   -> Critical step failed. Skipping remaining actions for plan PJ_P2_Cycle_analyze_to_heal / design D2.
[OK] Plan PJ_P2_Cycle_analyze_to_heal completed successfully (0/0 actions)
Progress: |############------------------| 41.9% (36/86 plans)
[~] Starting plan: PJ_P2_Cycle_heal_to_loop
[X]   [X] Journey shell ready - Error in xGetText: xGetText failed for locator 'css=#profile-chip-code': Message: [Artifacts => screenshot: None_None_203734.png | page: Non [Link to PReuse_J_P2_Shell_Client_D2_4.txt]
[!]   -> Critical step failed. Skipping remaining actions for plan PJ_P2_Cycle_heal_to_loop / design D2.
[OK] Plan PJ_P2_Cycle_heal_to_loop completed successfully (0/0 actions)
Progress: |############------------------| 43.0% (37/86 plans)
[~] Starting plan: PJ_P2_Cycle_loop_to_brahl
[X]   [X] Journey shell ready - Error in xGetText: xGetText failed for locator 'css=#profile-chip-code': Message: [Artifacts => screenshot: None_None_203734.png | page: Non [Link to PReuse_J_P2_Shell_Client_D2_4.txt]
[!]   -> Critical step failed. Skipping remaining actions for plan PJ_P2_Cycle_loop_to_brahl / design D2.
[OK] Plan PJ_P2_Cycle_loop_to_brahl completed successfully (0/0 actions)
Progress: |#############-----------------| 44.2% (38/86 plans)
[~] Starting plan: PJ_P2_Cycle_brahl_to_cost
[X]   [X] Journey shell ready - Error in xGetText: xGetText failed for locator 'css=#profile-chip-code': Message: [Artifacts => screenshot: None_None_203734.png | page: Non [Link to PReuse_J_P2_Shell_Client_D2_4.txt]
[!]   -> Critical step failed. Skipping remaining actions for plan PJ_P2_Cycle_brahl_to_cost / design D2.
[OK] Plan PJ_P2_Cycle_brahl_to_cost completed successfully (0/0 actions)
Progress: |#############-----------------| 45.3% (39/86 plans)
[~] Starting plan: PJ_P5_Cycle_build_to_run
[X]   [X] Journey shell ready - Error in xGetText: xGetText failed for locator 'css=#profile-chip-code': Message: [Artifacts => screenshot: None_None_203901.png | page: Non [Link to PReuse_J_P5_Shell_Client_D5_4.txt]
[!]   -> Critical step failed. Skipping remaining actions for plan PJ_P5_Cycle_build_to_run / design D5.
[OK] Plan PJ_P5_Cycle_build_to_run completed successfully (0/0 actions)
Progress: |#############-----------------| 46.5% (40/86 plans)
[~] Starting plan: PJ_P5_Cycle_run_to_analyze
[X]   [X] Journey shell ready - Error in xGetText: xGetText failed for locator 'css=#profile-chip-code': Message: [Artifacts => screenshot: None_None_203901.png | page: Non [Link to PReuse_J_P5_Shell_Client_D5_4.txt]
[!]   -> Critical step failed. Skipping remaining actions for plan PJ_P5_Cycle_run_to_analyze / design D5.
[OK] Plan PJ_P5_Cycle_run_to_analyze completed successfully (0/0 actions)
Progress: |##############----------------| 47.7% (41/86 plans)
[~] Starting plan: PJ_P5_Cycle_analyze_to_heal
[X]   [X] Journey shell ready - Error in xGetText: xGetText failed for locator 'css=#profile-chip-code': Message: [Artifacts => screenshot: None_None_203901.png | page: Non [Link to PReuse_J_P5_Shell_Client_D5_4.txt]
[!]   -> Critical step failed. Skipping remaining actions for plan PJ_P5_Cycle_analyze_to_heal / design D5.
[OK] Plan PJ_P5_Cycle_analyze_to_heal completed successfully (0/0 actions)
Progress: |##############----------------| 48.8% (42/86 plans)
[~] Starting plan: PJ_P5_Cycle_heal_to_loop
[X]   [X] Journey shell ready - Error in xGetText: xGetText failed for locator 'css=#profile-chip-code': Message: [Artifacts => screenshot: None_None_203901.png | page: Non [Link to PReuse_J_P5_Shell_Client_D5_4.txt]
[!]   -> Critical step failed. Skipping remaining actions for plan PJ_P5_Cycle_heal_to_loop / design D5.
[OK] Plan PJ_P5_Cycle_heal_to_loop completed successfully (0/0 actions)
Progress: |###############---------------| 50.0% (43/86 plans)
[~] Starting plan: PJ_P5_Cycle_loop_to_brahl
[X]   [X] Journey shell ready - Error in xGetText: xGetText failed for locator 'css=#profile-chip-code': Message: [Artifacts => screenshot: None_None_203901.png | page: Non [Link to PReuse_J_P5_Shell_Client_D5_4.txt]
[!]   -> Critical step failed. Skipping remaining actions for plan PJ_P5_Cycle_loop_to_brahl / design D5.
[OK] Plan PJ_P5_Cycle_loop_to_brahl completed successfully (0/0 actions)
Progress: |###############---------------| 51.2% (44/86 plans)
[~] Starting plan: PJ_P5_Cycle_brahl_to_cost
[X]   [X] Journey shell ready - Error in xGetText: xGetText failed for locator 'css=#profile-chip-code': Message: [Artifacts => screenshot: None_None_203901.png | page: Non [Link to PReuse_J_P5_Shell_Client_D5_4.txt]
[!]   -> Critical step failed. Skipping remaining actions for plan PJ_P5_Cycle_brahl_to_cost / design D5.
[OK] Plan PJ_P5_Cycle_brahl_to_cost completed successfully (0/0 actions)
Progress: |###############---------------| 52.3% (45/86 plans)
[~] Starting plan: PJ_P6_Cycle_build_to_run
[X]   [X] Journey shell ready - Error in xGetText: xGetText failed for locator 'css=#profile-chip-code': Message: [Artifacts => screenshot: None_None_203922.png | page: Non [Link to PReuse_J_P6_Shell_Client_D6_4.txt]
[!]   -> Critical step failed. Skipping remaining actions for plan PJ_P6_Cycle_build_to_run / design D6.
[OK] Plan PJ_P6_Cycle_build_to_run completed successfully (0/0 actions)
Progress: |################--------------| 53.5% (46/86 plans)
[~] Starting plan: PJ_P6_Cycle_run_to_analyze
[X]   [X] Journey shell ready - Error in xGetText: xGetText failed for locator 'css=#profile-chip-code': Message: [Artifacts => screenshot: None_None_203922.png | page: Non [Link to PReuse_J_P6_Shell_Client_D6_4.txt]
[!]   -> Critical step failed. Skipping remaining actions for plan PJ_P6_Cycle_run_to_analyze / design D6.
[OK] Plan PJ_P6_Cycle_run_to_analyze completed successfully (0/0 actions)
Progress: |################--------------| 54.7% (47/86 plans)
[~] Starting plan: PJ_P6_Cycle_analyze_to_heal
[X]   [X] Journey shell ready - Error in xGetText: xGetText failed for locator 'css=#profile-chip-code': Message: [Artifacts => screenshot: None_None_203922.png | page: Non [Link to PReuse_J_P6_Shell_Client_D6_4.txt]
[!]   -> Critical step failed. Skipping remaining actions for plan PJ_P6_Cycle_analyze_to_heal / design D6.
[OK] Plan PJ_P6_Cycle_analyze_to_heal completed successfully (0/0 actions)
Progress: |################--------------| 55.8% (48/86 plans)
[~] Starting plan: PJ_P6_Cycle_heal_to_loop
[X]   [X] Journey shell ready - Error in xGetText: xGetText failed for locator 'css=#profile-chip-code': Message: [Artifacts => screenshot: None_None_203922.png | page: Non [Link to PReuse_J_P6_Shell_Client_D6_4.txt]
[!]   -> Critical step failed. Skipping remaining actions for plan PJ_P6_Cycle_heal_to_loop / design D6.
[OK] Plan PJ_P6_Cycle_heal_to_loop completed successfully (0/0 actions)
Progress: |#################-------------| 57.0% (49/86 plans)
[~] Starting plan: PJ_P6_Cycle_loop_to_brahl
[X]   [X] Journey shell ready - Error in xGetText: xGetText failed for locator 'css=#profile-chip-code': Message: [Artifacts => screenshot: None_None_203922.png | page: Non [Link to PReuse_J_P6_Shell_Client_D6_4.txt]
[!]   -> Critical step failed. Skipping remaining actions for plan PJ_P6_Cycle_loop_to_brahl / design D6.
[OK] Plan PJ_P6_Cycle_loop_to_brahl completed successfully (0/0 actions)
Progress: |#################-------------| 58.1% (50/86 plans)
[~] Starting plan: PJ_P6_Cycle_brahl_to_cost
[X]   [X] Journey shell ready - Error in xGetText: xGetText failed for locator 'css=#profile-chip-code': Message: [Artifacts => screenshot: None_None_203922.png | page: Non [Link to PReuse_J_P6_Shell_Client_D6_4.txt]
[!]   -> Critical step failed. Skipping remaining actions for plan PJ_P6_Cycle_brahl_to_cost / design D6.
[OK] Plan PJ_P6_Cycle_brahl_to_cost completed successfully (0/0 actions)
Progress: |#################-------------| 59.3% (51/86 plans)
[~] Starting plan: PJ_P7_Cycle_build_to_run
[X]   [X] Journey shell ready - Error in xGetText: xGetText failed for locator 'css=#profile-chip-code': Message: [Artifacts => screenshot: None_None_204006.png | page: Non [Link to PReuse_J_P7_Shell_Client_D7_4.txt]
[!]   -> Critical step failed. Skipping remaining actions for plan PJ_P7_Cycle_build_to_run / design D7.
[OK] Plan PJ_P7_Cycle_build_to_run completed successfully (0/0 actions)
Progress: |##################------------| 60.5% (52/86 plans)
[~] Starting plan: PJ_P7_Cycle_run_to_analyze
[X]   [X] Journey shell ready - Error in xGetText: xGetText failed for locator 'css=#profile-chip-code': Message: [Artifacts => screenshot: None_None_204006.png | page: Non [Link to PReuse_J_P7_Shell_Client_D7_4.txt]
[!]   -> Critical step failed. Skipping remaining actions for plan PJ_P7_Cycle_run_to_analyze / design D7.
[OK] Plan PJ_P7_Cycle_run_to_analyze completed successfully (0/0 actions)
Progress: |##################------------| 61.6% (53/86 plans)
[~] Starting plan: PJ_P7_Cycle_analyze_to_heal
[X]   [X] Journey shell ready - Error in xGetText: xGetText failed for locator 'css=#profile-chip-code': Message: [Artifacts => screenshot: None_None_204006.png | page: Non [Link to PReuse_J_P7_Shell_Client_D7_4.txt]
[!]   -> Critical step failed. Skipping remaining actions for plan PJ_P7_Cycle_analyze_to_heal / design D7.
[OK] Plan PJ_P7_Cycle_analyze_to_heal completed successfully (0/0 actions)
Progress: |##################------------| 62.8% (54/86 plans)
[~] Starting plan: PJ_P7_Cycle_heal_to_loop
[X]   [X] Journey shell ready - Error in xGetText: xGetText failed for locator 'css=#profile-chip-code': Message: [Artifacts => screenshot: None_None_204006.png | page: Non [Link to PReuse_J_P7_Shell_Client_D7_4.txt]
[!]   -> Critical step failed. Skipping remaining actions for plan PJ_P7_Cycle_heal_to_loop / design D7.
[OK] Plan PJ_P7_Cycle_heal_to_loop completed successfully (0/0 actions)
Progress: |###################-----------| 64.0% (55/86 plans)
[~] Starting plan: PJ_P7_Cycle_loop_to_brahl
[X]   [X] Journey shell ready - Error in xGetText: xGetText failed for locator 'css=#profile-chip-code': Message: [Artifacts => screenshot: None_None_204006.png | page: Non [Link to PReuse_J_P7_Shell_Client_D7_4.txt]
[!]   -> Critical step failed. Skipping remaining actions for plan PJ_P7_Cycle_loop_to_brahl / design D7.
[OK] Plan PJ_P7_Cycle_loop_to_brahl completed successfully (0/0 actions)
Progress: |###################-----------| 65.1% (56/86 plans)
[~] Starting plan: PJ_P7_Cycle_brahl_to_cost
[X]   [X] Journey shell ready - Error in xGetText: xGetText failed for locator 'css=#profile-chip-code': Message: [Artifacts => screenshot: None_None_204006.png | page: Non [Link to PReuse_J_P7_Shell_Client_D7_4.txt]
[!]   -> Critical step failed. Skipping remaining actions for plan PJ_P7_Cycle_brahl_to_cost / design D7.
[OK] Plan PJ_P7_Cycle_brahl_to_cost completed successfully (0/0 actions)
Progress: |###################-----------| 66.3% (57/86 plans)
[~] Starting plan: PJ_P9_Cycle_build_to_run
[X]   [X] Journey shell ready - Error in xGetText: xGetText failed for locator 'css=#profile-chip-code': Message: [Artifacts => screenshot: None_None_204049.png | page: Non [Link to PReuse_J_P9_Shell_Client_D9_4.txt]
[!]   -> Critical step failed. Skipping remaining actions for plan PJ_P9_Cycle_build_to_run / design D9.
[OK] Plan PJ_P9_Cycle_build_to_run completed successfully (0/0 actions)
Progress: |####################----------| 67.4% (58/86 plans)
[~] Starting plan: PJ_P9_Cycle_run_to_analyze
[X]   [X] Journey shell ready - Error in xGetText: xGetText failed for locator 'css=#profile-chip-code': Message: [Artifacts => screenshot: None_None_204049.png | page: Non [Link to PReuse_J_P9_Shell_Client_D9_4.txt]
[!]   -> Critical step failed. Skipping remaining actions for plan PJ_P9_Cycle_run_to_analyze / design D9.
[OK] Plan PJ_P9_Cycle_run_to_analyze completed successfully (0/0 actions)
Progress: |####################----------| 68.6% (59/86 plans)
[~] Starting plan: PJ_P9_Cycle_analyze_to_heal
[X]   [X] Journey shell ready - Error in xGetText: xGetText failed for locator 'css=#profile-chip-code': Message: [Artifacts => screenshot: None_None_204049.png | page: Non [Link to PReuse_J_P9_Shell_Client_D9_4.txt]
[!]   -> Critical step failed. Skipping remaining actions for plan PJ_P9_Cycle_analyze_to_heal / design D9.
[OK] Plan PJ_P9_Cycle_analyze_to_heal completed successfully (0/0 actions)
Progress: |####################----------| 69.8% (60/86 plans)
[~] Starting plan: PJ_P9_Cycle_heal_to_loop
[X]   [X] Journey shell ready - Error in xGetText: xGetText failed for locator 'css=#profile-chip-code': Message: [Artifacts => screenshot: None_None_204049.png | page: Non [Link to PReuse_J_P9_Shell_Client_D9_4.txt]
[!]   -> Critical step failed. Skipping remaining actions for plan PJ_P9_Cycle_heal_to_loop / design D9.
[OK] Plan PJ_P9_Cycle_heal_to_loop completed successfully (0/0 actions)
Progress: |#####################---------| 70.9% (61/86 plans)
[~] Starting plan: PJ_P9_Cycle_loop_to_brahl
[X]   [X] Journey shell ready - Error in xGetText: xGetText failed for locator 'css=#profile-chip-code': Message: [Artifacts => screenshot: None_None_204049.png | page: Non [Link to PReuse_J_P9_Shell_Client_D9_4.txt]
[!]   -> Critical step failed. Skipping remaining actions for plan PJ_P9_Cycle_loop_to_brahl / design D9.
[OK] Plan PJ_P9_Cycle_loop_to_brahl completed successfully (0/0 actions)
Progress: |#####################---------| 72.1% (62/86 plans)
[~] Starting plan: PJ_P9_Cycle_brahl_to_cost
[X]   [X] Journey shell ready - Error in xGetText: xGetText failed for locator 'css=#profile-chip-code': Message: [Artifacts => screenshot: None_None_204049.png | page: Non [Link to PReuse_J_P9_Shell_Client_D9_4.txt]
[!]   -> Critical step failed. Skipping remaining actions for plan PJ_P9_Cycle_brahl_to_cost / design D9.
[OK] Plan PJ_P9_Cycle_brahl_to_cost completed successfully (0/0 actions)
Progress: |#####################---------| 73.3% (63/86 plans)
[~] Starting plan: PJ_P1_A77_Faq_brahl_cli
[X]   [X] Journey shell ready - Error in xGetText: xGetText failed for locator 'css=#profile-chip-code': Message: [Artifacts => screenshot: None_None_203712.png | page: Non [Link to PReuse_J_P1_Shell_Client_D1_4.txt]
[!]   -> Critical step failed. Skipping remaining actions for plan PJ_P1_A77_Faq_brahl_cli / design D1.
[OK] Plan PJ_P1_A77_Faq_brahl_cli completed successfully (0/0 actions)
Progress: |######################--------| 74.4% (64/86 plans)
[~] Starting plan: PJ_P1_A77_Faq_brahl_net
[X]   [X] Journey shell ready - Error in xGetText: xGetText failed for locator 'css=#profile-chip-code': Message: [Artifacts => screenshot: None_None_204226.png | page: Non [Link to PReuse_J_P1_Shell_Networker_D1_4.txt]
[!]   -> Critical step failed. Skipping remaining actions for plan PJ_P1_A77_Faq_brahl_net / design D1.
[OK] Plan PJ_P1_A77_Faq_brahl_net completed successfully (0/0 actions)
Progress: |######################--------| 75.6% (65/86 plans)
[~] Starting plan: PJ_P2_A77_Faq_brahl_cli
[X]   [X] Journey shell ready - Error in xGetText: xGetText failed for locator 'css=#profile-chip-code': Message: [Artifacts => screenshot: None_None_203734.png | page: Non [Link to PReuse_J_P2_Shell_Client_D2_4.txt]
[!]   -> Critical step failed. Skipping remaining actions for plan PJ_P2_A77_Faq_brahl_cli / design D2.
[OK] Plan PJ_P2_A77_Faq_brahl_cli completed successfully (0/0 actions)
Progress: |#######################-------| 76.7% (66/86 plans)
[~] Starting plan: PJ_P2_A77_Faq_brahl_con
[X]   [X] Journey shell ready - Error in xGetText: xGetText failed for locator 'css=#profile-chip-code': Message: [Artifacts => screenshot: None_None_203756.png | page: Non [Link to PReuse_J_P2_Shell_Consultant_D2_4.txt]
[!]   -> Critical step failed. Skipping remaining actions for plan PJ_P2_A77_Faq_brahl_con / design D2.
[OK] Plan PJ_P2_A77_Faq_brahl_con completed successfully (0/0 actions)
Progress: |#######################-------| 77.9% (67/86 plans)
[~] Starting plan: PJ_P2_A77_Faq_brahl_net
[X]   [X] Journey shell ready - Error in xGetText: xGetText failed for locator 'css=#profile-chip-code': Message: [Artifacts => screenshot: None_None_204248.png | page: Non [Link to PReuse_J_P2_Shell_Networker_D2_4.txt]
[!]   -> Critical step failed. Skipping remaining actions for plan PJ_P2_A77_Faq_brahl_net / design D2.
[OK] Plan PJ_P2_A77_Faq_brahl_net completed successfully (0/0 actions)
Progress: |#######################-------| 79.1% (68/86 plans)
[~] Starting plan: PJ_P3_A77_Faq_brahl_cli
[X]   [X] Journey shell ready - Error in xGetText: xGetText failed for locator 'css=#profile-chip-code': Message: [Artifacts => screenshot: None_None_204111.png | page: Non [Link to PReuse_J_P3_Shell_Client_D3_4.txt]
[!]   -> Critical step failed. Skipping remaining actions for plan PJ_P3_A77_Faq_brahl_cli / design D3.
[OK] Plan PJ_P3_A77_Faq_brahl_cli completed successfully (0/0 actions)
Progress: |########################------| 80.2% (69/86 plans)
[~] Starting plan: PJ_P3_A77_Faq_brahl_con
[X]   [X] Journey shell ready - Error in xGetText: xGetText failed for locator 'css=#profile-chip-code': Message: [Artifacts => screenshot: None_None_203817.png | page: Non [Link to PReuse_J_P3_Shell_Consultant_D3_4.txt]
[!]   -> Critical step failed. Skipping remaining actions for plan PJ_P3_A77_Faq_brahl_con / design D3.
[OK] Plan PJ_P3_A77_Faq_brahl_con completed successfully (0/0 actions)
Progress: |########################------| 81.4% (70/86 plans)
[~] Starting plan: PJ_P3_A77_Faq_brahl_net
[X]   [X] Journey shell ready - Error in xGetText: xGetText failed for locator 'css=#profile-chip-code': Message: [Artifacts => screenshot: None_None_204310.png | page: Non [Link to PReuse_J_P3_Shell_Networker_D3_4.txt]
[!]   -> Critical step failed. Skipping remaining actions for plan PJ_P3_A77_Faq_brahl_net / design D3.
[OK] Plan PJ_P3_A77_Faq_brahl_net completed successfully (0/0 actions)
Progress: |########################------| 82.6% (71/86 plans)
[~] Starting plan: PJ_P4_A77_Faq_brahl_cli
[X]   [X] Journey shell ready - Error in xGetText: xGetText failed for locator 'css=#profile-chip-code': Message: [Artifacts => screenshot: None_None_204133.png | page: Non [Link to PReuse_J_P4_Shell_Client_D4_4.txt]
[!]   -> Critical step failed. Skipping remaining actions for plan PJ_P4_A77_Faq_brahl_cli / design D4.
[OK] Plan PJ_P4_A77_Faq_brahl_cli completed successfully (0/0 actions)
Progress: |#########################-----| 83.7% (72/86 plans)
[~] Starting plan: PJ_P4_A77_Faq_brahl_con
[X]   [X] Journey shell ready - Error in xGetText: xGetText failed for locator 'css=#profile-chip-code': Message: [Artifacts => screenshot: None_None_203839.png | page: Non [Link to PReuse_J_P4_Shell_Consultant_D4_4.txt]
[!]   -> Critical step failed. Skipping remaining actions for plan PJ_P4_A77_Faq_brahl_con / design D4.
[OK] Plan PJ_P4_A77_Faq_brahl_con completed successfully (0/0 actions)
Progress: |#########################-----| 84.9% (73/86 plans)
[~] Starting plan: PJ_P4_A77_Faq_brahl_net
[X]   [X] Journey shell ready - Error in xGetText: xGetText failed for locator 'css=#profile-chip-code': Message: [Artifacts => screenshot: None_None_204332.png | page: Non [Link to PReuse_J_P4_Shell_Networker_D4_4.txt]
[!]   -> Critical step failed. Skipping remaining actions for plan PJ_P4_A77_Faq_brahl_net / design D4.
[OK] Plan PJ_P4_A77_Faq_brahl_net completed successfully (0/0 actions)
Progress: |#########################-----| 86.0% (74/86 plans)
[~] Starting plan: PJ_P5_A77_Faq_brahl_cli
[X]   [X] Journey shell ready - Error in xGetText: xGetText failed for locator 'css=#profile-chip-code': Message: [Artifacts => screenshot: None_None_203901.png | page: Non [Link to PReuse_J_P5_Shell_Client_D5_4.txt]
[!]   -> Critical step failed. Skipping remaining actions for plan PJ_P5_A77_Faq_brahl_cli / design D5.
[OK] Plan PJ_P5_A77_Faq_brahl_cli completed successfully (0/0 actions)
Progress: |##########################----| 87.2% (75/86 plans)
[~] Starting plan: PJ_P5_A77_Faq_brahl_net
[X]   [X] Journey shell ready - Error in xGetText: xGetText failed for locator 'css=#profile-chip-code': Message: [Artifacts => screenshot: None_None_204354.png | page: Non [Link to PReuse_J_P5_Shell_Networker_D5_4.txt]
[!]   -> Critical step failed. Skipping remaining actions for plan PJ_P5_A77_Faq_brahl_net / design D5.
[OK] Plan PJ_P5_A77_Faq_brahl_net completed successfully (0/0 actions)
Progress: |##########################----| 88.4% (76/86 plans)
[~] Starting plan: PJ_P6_A77_Faq_brahl_cli
[X]   [X] Journey shell ready - Error in xGetText: xGetText failed for locator 'css=#profile-chip-code': Message: [Artifacts => screenshot: None_None_203922.png | page: Non [Link to PReuse_J_P6_Shell_Client_D6_4.txt]
[!]   -> Critical step failed. Skipping remaining actions for plan PJ_P6_A77_Faq_brahl_cli / design D6.
[OK] Plan PJ_P6_A77_Faq_brahl_cli completed successfully (0/0 actions)
Progress: |##########################----| 89.5% (77/86 plans)
[~] Starting plan: PJ_P6_A77_Faq_brahl_con
[X]   [X] Journey shell ready - Error in xGetText: xGetText failed for locator 'css=#profile-chip-code': Message: [Artifacts => screenshot: None_None_203944.png | page: Non [Link to PReuse_J_P6_Shell_Consultant_D6_4.txt]
[!]   -> Critical step failed. Skipping remaining actions for plan PJ_P6_A77_Faq_brahl_con / design D6.
[OK] Plan PJ_P6_A77_Faq_brahl_con completed successfully (0/0 actions)
Progress: |###########################---| 90.7% (78/86 plans)
[~] Starting plan: PJ_P6_A77_Faq_brahl_net
[X]   [X] Journey shell ready - Error in xGetText: xGetText failed for locator 'css=#profile-chip-code': Message: [Artifacts => screenshot: None_None_204416.png | page: Non [Link to PReuse_J_P6_Shell_Networker_D6_4.txt]
[!]   -> Critical step failed. Skipping remaining actions for plan PJ_P6_A77_Faq_brahl_net / design D6.
[OK] Plan PJ_P6_A77_Faq_brahl_net completed successfully (0/0 actions)
Progress: |###########################---| 91.9% (79/86 plans)
[~] Starting plan: PJ_P7_A77_Faq_brahl_cli
[X]   [X] Journey shell ready - Error in xGetText: xGetText failed for locator 'css=#profile-chip-code': Message: [Artifacts => screenshot: None_None_204006.png | page: Non [Link to PReuse_J_P7_Shell_Client_D7_4.txt]
[!]   -> Critical step failed. Skipping remaining actions for plan PJ_P7_A77_Faq_brahl_cli / design D7.
[OK] Plan PJ_P7_A77_Faq_brahl_cli completed successfully (0/0 actions)
Progress: |###########################---| 93.0% (80/86 plans)
[~] Starting plan: PJ_P7_A77_Faq_brahl_net
[X]   [X] Journey shell ready - Error in xGetText: xGetText failed for locator 'css=#profile-chip-code': Message: [Artifacts => screenshot: None_None_204437.png | page: Non [Link to PReuse_J_P7_Shell_Networker_D7_4.txt]
[!]   -> Critical step failed. Skipping remaining actions for plan PJ_P7_A77_Faq_brahl_net / design D7.
[OK] Plan PJ_P7_A77_Faq_brahl_net completed successfully (0/0 actions)
Progress: |############################--| 94.2% (81/86 plans)
[~] Starting plan: PJ_P8_A77_Faq_brahl_cli
[X]   [X] Journey shell ready - Error in xGetText: xGetText failed for locator 'css=#profile-chip-code': Message: [Artifacts => screenshot: None_None_204156.png | page: Non [Link to PReuse_J_P8_Shell_Client_D8_4.txt]
[!]   -> Critical step failed. Skipping remaining actions for plan PJ_P8_A77_Faq_brahl_cli / design D8.
[OK] Plan PJ_P8_A77_Faq_brahl_cli completed successfully (0/0 actions)
Progress: |############################--| 95.3% (82/86 plans)
[~] Starting plan: PJ_P8_A77_Faq_brahl_con
[X]   [X] Journey shell ready - Error in xGetText: xGetText failed for locator 'css=#profile-chip-code': Message: [Artifacts => screenshot: None_None_204027.png | page: Non [Link to PReuse_J_P8_Shell_Consultant_D8_4.txt]
[!]   -> Critical step failed. Skipping remaining actions for plan PJ_P8_A77_Faq_brahl_con / design D8.
[OK] Plan PJ_P8_A77_Faq_brahl_con completed successfully (0/0 actions)
Progress: |############################--| 96.5% (83/86 plans)
[~] Starting plan: PJ_P8_A77_Faq_brahl_net
[X]   [X] Journey shell ready - Error in xGetText: xGetText failed for locator 'css=#profile-chip-code': Message: [Artifacts => screenshot: None_None_204459.png | page: Non [Link to PReuse_J_P8_Shell_Networker_D8_4.txt]
[!]   -> Critical step failed. Skipping remaining actions for plan PJ_P8_A77_Faq_brahl_net / design D8.
[OK] Plan PJ_P8_A77_Faq_brahl_net completed successfully (0/0 actions)
Progress: |#############################-| 97.7% (84/86 plans)
[~] Starting plan: PJ_P9_A77_Faq_brahl_cli
[X]   [X] Journey shell ready - Error in xGetText: xGetText failed for locator 'css=#profile-chip-code': Message: [Artifacts => screenshot: None_None_204049.png | page: Non [Link to PReuse_J_P9_Shell_Client_D9_4.txt]
[!]   -> Critical step failed. Skipping remaining actions for plan PJ_P9_A77_Faq_brahl_cli / design D9.
[OK] Plan PJ_P9_A77_Faq_brahl_cli completed successfully (0/0 actions)
Progress: |#############################-| 98.8% (85/86 plans)
[~] Starting plan: PJ_P9_A77_Faq_brahl_net
[X]   [X] Journey shell ready - Error in xGetText: xGetText failed for locator 'css=#profile-chip-code': Message: [Artifacts => screenshot: None_None_204521.png | page: Non [Link to PReuse_J_P9_Shell_Networker_D9_4.txt]
[!]   -> Critical step failed. Skipping remaining actions for plan PJ_P9_A77_Faq_brahl_net / design D9.
[OK] Plan PJ_P9_A77_Faq_brahl_net completed successfully (0/0 actions)
Progress: |##############################| 100.0% (86/86 plans)

[i] Generating results and dashboard...
[i] Cleaned up 3 empty directory(ies)
[!] Error summary saved: C:\006\FXYZ\KK\z\20260706_203628_qoa_web\_errors.csv

============================================================
  EXECUTION SUMMARY
============================================================
? Total Plans: 86
? Passed: 0
? Failed: 24
??  Total Time: 537.14 seconds
? Results saved to: C:\006\FXYZ\KK\z\20260706_203628_qoa_web
? Dashboard: C:\006\FXYZ\KK\z\20260706_203628_qoa_web\qoa_web_zDash.html
============================================================

[OK] Test suite 'qoa_web' completed successfully!
